<?xml version="1.0" encoding="UTF-8"?>
<testsuite xmlns:xsi="http://www.w3.org/2001/XMLSchema-instance" xsi:noNamespaceSchemaLocation="https://maven.apache.org/surefire/maven-surefire-plugin/xsd/surefire-test-report-3.0.xsd" version="3.0" name="tests.SignInTest" time="1.498" tests="6" errors="0" skipped="5" failures="1">
  <properties>
[...]
</properties>
  <testcase name="setUp" classname="tests.SignInTest" time="1.278">
    <failure message="Could not start a new session. Possible causes are invalid address of the remote server or browser start-up failure. &#10;Host info: host: &apos;onyxtec21ab-Lenovo-ThinkBook-15-IIL&apos;, ip: &apos;127.0.1.1&apos;&#10;Build info: version: &apos;4.21.0&apos;, revision: &apos;79ed462ef4&apos;&#10;System info: os.name: &apos;Linux&apos;, os.arch: &apos;amd64&apos;, os.version: &apos;5.15.0-139-generic&apos;, java.version: &apos;17.0.15&apos;&#10;Driver info: io.appium.java_client.android.AndroidDriver&#10;Command: [null, newSession {capabilities=[Capabilities {appium:appActivity: com.knackcity.MainActivity, appium:appPackage: com.knackcity, appium:autoGrantPermissions: true, appium:automationName: UiAutomator2, appium:deviceName: R8VXA01R73Y, appium:newCommandTimeout: 120, appium:noReset: true, appium:udid: R8VXA01R73Y, appium:waitForIdleTimeout: 0, platformName: ANDROID}]}]&#10;Capabilities {appium:appActivity: com.knackcity.MainActivity, appium:appPackage: com.knackcity, appium:autoGrantPermissions: true, appium:automationName: UiAutomator2, appium:deviceName: R8VXA01R73Y, appium:newCommandTimeout: 120, appium:noReset: true, appium:udid: R8VXA01R73Y, appium:waitForIdleTimeout: 0, platformName: ANDROID}" type="org.openqa.selenium.SessionNotCreatedException"><![CDATA[org.openqa.selenium.SessionNotCreatedException: 
Could not start a new session. Possible causes are invalid address of the remote server or browser start-up failure. 
Host info: host: 'onyxtec21ab-Lenovo-ThinkBook-15-IIL', ip: '127.0.1.1'
Build info: version: '4.21.0', revision: '79ed462ef4'
System info: os.name: 'Linux', os.arch: 'amd64', os.version: '5.15.0-139-generic', java.version: '17.0.15'
Driver info: io.appium.java_client.android.AndroidDriver
Command: [null, newSession {capabilities=[Capabilities {appium:appActivity: com.knackcity.MainActivity, appium:appPackage: com.knackcity, appium:autoGrantPermissions: true, appium:automationName: UiAutomator2, appium:deviceName: R8VXA01R73Y, appium:newCommandTimeout: 120, appium:noReset: true, appium:udid: R8VXA01R73Y, appium:waitForIdleTimeout: 0, platformName: ANDROID}]}]
Capabilities {appium:appActivity: com.knackcity.MainActivity, appium:appPackage: com.knackcity, appium:autoGrantPermissions: true, appium:automationName: UiAutomator2, appium:deviceName: R8VXA01R73Y, appium:newCommandTimeout: 120, appium:noReset: true, appium:udid: R8VXA01R73Y, appium:waitForIdleTimeout: 0, platformName: ANDROID}
	at org.openqa.selenium.remote.RemoteWebDriver.execute(RemoteWebDriver.java:536)
	at io.appium.java_client.AppiumDriver.startSession(AppiumDriver.java:270)
	at org.openqa.selenium.remote.RemoteWebDriver.<init>(RemoteWebDriver.java:161)
	at io.appium.java_client.AppiumDriver.<init>(AppiumDriver.java:91)
	at io.appium.java_client.AppiumDriver.<init>(AppiumDriver.java:103)
	at io.appium.java_client.android.AndroidDriver.<init>(AndroidDriver.java:109)
	at base.BaseTest.setUp(BaseTest.java:60)
	at java.base/jdk.internal.reflect.NativeMethodAccessorImpl.invoke0(Native Method)
	at java.base/jdk.internal.reflect.NativeMethodAccessorImpl.invoke(NativeMethodAccessorImpl.java:77)
	at java.base/jdk.internal.reflect.DelegatingMethodAccessorImpl.invoke(DelegatingMethodAccessorImpl.java:43)
	at java.base/java.lang.reflect.Method.invoke(Method.java:569)
	at org.testng.internal.invokers.MethodInvocationHelper.invokeMethod(MethodInvocationHelper.java:141)
	at org.testng.internal.invokers.MethodInvocationHelper.invokeMethodConsideringTimeout(MethodInvocationHelper.java:71)
	at org.testng.internal.invokers.ConfigInvoker.invokeConfigurationMethod(ConfigInvoker.java:400)
	at org.testng.internal.invokers.ConfigInvoker.invokeConfigurations(ConfigInvoker.java:333)
	at org.testng.internal.invokers.TestInvoker.runConfigMethods(TestInvoker.java:833)
	at org.testng.internal.invokers.TestInvoker.invokeMethod(TestInvoker.java:600)
	at org.testng.internal.invokers.TestInvoker.invokeTestMethod(TestInvoker.java:230)
	at org.testng.internal.invokers.MethodRunner.runInSequence(MethodRunner.java:63)
	at org.testng.internal.invokers.TestInvoker$MethodInvocationAgent.invoke(TestInvoker.java:992)
	at org.testng.internal.invokers.TestInvoker.invokeTestMethods(TestInvoker.java:203)
	at org.testng.internal.invokers.TestMethodWorker.invokeTestMethods(TestMethodWorker.java:154)
	at org.testng.internal.invokers.TestMethodWorker.run(TestMethodWorker.java:134)
	at java.base/java.util.ArrayList.forEach(ArrayList.java:1511)
	at org.testng.TestRunner.privateRun(TestRunner.java:739)
	at org.testng.TestRunner.run(TestRunner.java:614)
	at org.testng.SuiteRunner.runTest(SuiteRunner.java:421)
	at org.testng.SuiteRunner.runSequentially(SuiteRunner.java:413)
	at org.testng.SuiteRunner.privateRun(SuiteRunner.java:373)
	at org.testng.SuiteRunner.run(SuiteRunner.java:312)
	at org.testng.SuiteRunnerWorker.runSuite(SuiteRunnerWorker.java:52)
	at org.testng.SuiteRunnerWorker.run(SuiteRunnerWorker.java:95)
	at org.testng.TestNG.runSuitesSequentially(TestNG.java:1274)
	at org.testng.TestNG.runSuitesLocally(TestNG.java:1208)
	at org.testng.TestNG.runSuites(TestNG.java:1112)
	at org.testng.TestNG.run(TestNG.java:1079)
	at org.apache.maven.surefire.testng.TestNGExecutor.run(TestNGExecutor.java:155)
	at org.apache.maven.surefire.testng.TestNGDirectoryTestSuite.executeSingleClass(TestNGDirectoryTestSuite.java:102)
	at org.apache.maven.surefire.testng.TestNGDirectoryTestSuite.execute(TestNGDirectoryTestSuite.java:91)
	at org.apache.maven.surefire.testng.TestNGProvider.invoke(TestNGProvider.java:137)
	at org.apache.maven.surefire.booter.ForkedBooter.runSuitesInProcess(ForkedBooter.java:385)
	at org.apache.maven.surefire.booter.ForkedBooter.execute(ForkedBooter.java:162)
	at org.apache.maven.surefire.booter.ForkedBooter.run(ForkedBooter.java:507)
	at org.apache.maven.surefire.booter.ForkedBooter.main(ForkedBooter.java:495)
Caused by: java.io.UncheckedIOException: java.net.ConnectException
	at org.openqa.selenium.remote.http.jdk.JdkHttpClient.execute0(JdkHttpClient.java:439)
	at io.appium.java_client.internal.filters.AppiumIdempotencyFilter.lambda$apply$0(AppiumIdempotencyFilter.java:35)
	at io.appium.java_client.internal.filters.AppiumUserAgentFilter.lambda$apply$0(AppiumUserAgentFilter.java:87)
	at org.openqa.selenium.remote.http.Filter.lambda$andFinally$1(Filter.java:55)
	at org.openqa.selenium.remote.http.jdk.JdkHttpClient.execute(JdkHttpClient.java:355)
	at org.openqa.selenium.remote.ProtocolHandshake.createSession(ProtocolHandshake.java:89)
	at org.openqa.selenium.remote.ProtocolHandshake.createSession(ProtocolHandshake.java:75)
	at org.openqa.selenium.remote.ProtocolHandshake.createSession(ProtocolHandshake.java:61)
	at io.appium.java_client.remote.AppiumCommandExecutor.createSession(AppiumCommandExecutor.java:176)
	at io.appium.java_client.remote.AppiumCommandExecutor.execute(AppiumCommandExecutor.java:237)
	at org.openqa.selenium.remote.RemoteWebDriver.execute(RemoteWebDriver.java:518)
	... 43 more
Caused by: java.net.ConnectException
	at java.net.http/jdk.internal.net.http.common.Utils.toConnectException(Utils.java:1083)
	at java.net.http/jdk.internal.net.http.PlainHttpConnection.connectAsync(PlainHttpConnection.java:198)
	at java.net.http/jdk.internal.net.http.PlainHttpConnection.checkRetryConnect(PlainHttpConnection.java:230)
	at java.net.http/jdk.internal.net.http.PlainHttpConnection.lambda$connectAsync$1(PlainHttpConnection.java:206)
	at java.base/java.util.concurrent.CompletableFuture.uniHandle(CompletableFuture.java:934)
	at java.base/java.util.concurrent.CompletableFuture$UniHandle.tryFire(CompletableFuture.java:911)
	at java.base/java.util.concurrent.CompletableFuture.postComplete(CompletableFuture.java:510)
	at java.base/java.util.concurrent.CompletableFuture$AsyncSupply.run(CompletableFuture.java:1773)
	at java.base/java.util.concurrent.ThreadPoolExecutor.runWorker(ThreadPoolExecutor.java:1136)
	at java.base/java.util.concurrent.ThreadPoolExecutor$Worker.run(ThreadPoolExecutor.java:635)
	at java.base/java.lang.Thread.run(Thread.java:840)
Caused by: java.nio.channels.ClosedChannelException
	at java.base/sun.nio.ch.SocketChannelImpl.ensureOpen(SocketChannelImpl.java:195)
	at java.base/sun.nio.ch.SocketChannelImpl.beginConnect(SocketChannelImpl.java:760)
	at java.base/sun.nio.ch.SocketChannelImpl.connect(SocketChannelImpl.java:848)
	at java.net.http/jdk.internal.net.http.PlainHttpConnection.lambda$connectAsync$0(PlainHttpConnection.java:183)
	at java.base/java.security.AccessController.doPrivileged(AccessController.java:569)
	at java.net.http/jdk.internal.net.http.PlainHttpConnection.connectAsync(PlainHttpConnection.java:185)
	... 9 more
]]></failure>
    <system-err><![CDATA[SLF4J(W): No SLF4J providers were found.
SLF4J(W): Defaulting to no-operation (NOP) logger implementation
SLF4J(W): See https://www.slf4j.org/codes.html#noProviders for further details.
]]></system-err>
  </testcase>
  <testcase name="setUp" classname="tests.SignInTest" time="0.0">
    <skipped/>
  </testcase>
  <testcase name="testSignInWithValidCredentials[false, via Signup screen&apos;s Sign In link](1)" classname="tests.SignInTest" time="0.0">
    <skipped message="Could not start a new session. Possible causes are invalid address of the remote server or browser start-up failure. &#10;Host info: host: &apos;onyxtec21ab-Lenovo-ThinkBook-15-IIL&apos;, ip: &apos;127.0.1.1&apos;&#10;Build info: version: &apos;4.21.0&apos;, revision: &apos;79ed462ef4&apos;&#10;System info: os.name: &apos;Linux&apos;, os.arch: &apos;amd64&apos;, os.version: &apos;5.15.0-139-generic&apos;, java.version: &apos;17.0.15&apos;&#10;Driver info: io.appium.java_client.android.AndroidDriver&#10;Command: [null, newSession {capabilities=[Capabilities {appium:appActivity: com.knackcity.MainActivity, appium:appPackage: com.knackcity, appium:autoGrantPermissions: true, appium:automationName: UiAutomator2, appium:deviceName: R8VXA01R73Y, appium:newCommandTimeout: 120, appium:noReset: true, appium:udid: R8VXA01R73Y, appium:waitForIdleTimeout: 0, platformName: ANDROID}]}]&#10;Capabilities {appium:appActivity: com.knackcity.MainActivity, appium:appPackage: com.knackcity, appium:autoGrantPermissions: true, appium:automationName: UiAutomator2, appium:deviceName: R8VXA01R73Y, appium:newCommandTimeout: 120, appium:noReset: true, appium:udid: R8VXA01R73Y, appium:waitForIdleTimeout: 0, platformName: ANDROID}"/>
  </testcase>
  <testcase name="tearDown" classname="tests.SignInTest" time="0.0">
    <skipped/>
  </testcase>
  <testcase name="tearDown" classname="tests.SignInTest" time="0.0">
    <skipped/>
  </testcase>
  <testcase name="testSignInWithValidCredentials[true, via Welcome screen&apos;s Sign In button](2)" classname="tests.SignInTest" time="0.0">
    <skipped message="Could not start a new session. Possible causes are invalid address of the remote server or browser start-up failure. &#10;Host info: host: &apos;onyxtec21ab-Lenovo-ThinkBook-15-IIL&apos;, ip: &apos;127.0.1.1&apos;&#10;Build info: version: &apos;4.21.0&apos;, revision: &apos;79ed462ef4&apos;&#10;System info: os.name: &apos;Linux&apos;, os.arch: &apos;amd64&apos;, os.version: &apos;5.15.0-139-generic&apos;, java.version: &apos;17.0.15&apos;&#10;Driver info: io.appium.java_client.android.AndroidDriver&#10;Command: [null, newSession {capabilities=[Capabilities {appium:appActivity: com.knackcity.MainActivity, appium:appPackage: com.knackcity, appium:autoGrantPermissions: true, appium:automationName: UiAutomator2, appium:deviceName: R8VXA01R73Y, appium:newCommandTimeout: 120, appium:noReset: true, appium:udid: R8VXA01R73Y, appium:waitForIdleTimeout: 0, platformName: ANDROID}]}]&#10;Capabilities {appium:appActivity: com.knackcity.MainActivity, appium:appPackage: com.knackcity, appium:autoGrantPermissions: true, appium:automationName: UiAutomator2, appium:deviceName: R8VXA01R73Y, appium:newCommandTimeout: 120, appium:noReset: true, appium:udid: R8VXA01R73Y, appium:waitForIdleTimeout: 0, platformName: ANDROID}"/>
  </testcase>
</testsuite>