<?xml version="1.0" encoding="UTF-8"?>
<testsuite xmlns:xsi="http://www.w3.org/2001/XMLSchema-instance" xsi:noNamespaceSchemaLocation="https://maven.apache.org/surefire/maven-surefire-plugin/xsd/surefire-test-report-3.0.xsd" version="3.0" name="TestSuite" time="296.996" tests="3" errors="0" skipped="0" failures="3">
  <properties>
[...]
</properties>
  <testcase name="testSignInWithValidCredentials[false, via Signup screen&apos;s Sign In link](1)" classname="tests.SignInTest" time="85.118">
    <failure message="Sign in did not succeed expected [true] but found [false]" type="java.lang.AssertionError"><![CDATA[java.lang.AssertionError: Sign in did not succeed expected [true] but found [false]
	at org.testng.Assert.fail(Assert.java:111)
	at org.testng.Assert.failNotEquals(Assert.java:1578)
	at org.testng.Assert.assertTrue(Assert.java:57)
	at tests.SignInTest.testSignInWithValidCredentials(SignInTest.java:97)
	at java.base/jdk.internal.reflect.NativeMethodAccessorImpl.invoke0(Native Method)
	at java.base/jdk.internal.reflect.NativeMethodAccessorImpl.invoke(NativeMethodAccessorImpl.java:77)
	at java.base/jdk.internal.reflect.DelegatingMethodAccessorImpl.invoke(DelegatingMethodAccessorImpl.java:43)
	at java.base/java.lang.reflect.Method.invoke(Method.java:569)
	at org.testng.internal.invokers.MethodInvocationHelper.invokeMethod(MethodInvocationHelper.java:141)
	at org.testng.internal.invokers.TestInvoker.invokeMethod(TestInvoker.java:686)
	at org.testng.internal.invokers.TestInvoker.invokeTestMethod(TestInvoker.java:230)
	at org.testng.internal.invokers.MethodRunner.runInSequence(MethodRunner.java:63)
	at org.testng.internal.invokers.TestInvoker$MethodInvocationAgent.invoke(TestInvoker.java:992)
	at org.testng.internal.invokers.TestInvoker.invokeTestMethods(TestInvoker.java:203)
	at org.testng.internal.invokers.TestMethodWorker.invokeTestMethods(TestMethodWorker.java:154)
	at org.testng.internal.invokers.TestMethodWorker.run(TestMethodWorker.java:134)
	at java.base/java.util.ArrayList.forEach(ArrayList.java:1511)
	at org.testng.TestRunner.privateRun(TestRunner.java:739)
	at org.testng.TestRunner.run(TestRunner.java:614)
	at org.testng.SuiteRunner.runTest(SuiteRunner.java:421)
	at org.testng.SuiteRunner.runSequentially(SuiteRunner.java:413)
	at org.testng.SuiteRunner.privateRun(SuiteRunner.java:373)
	at org.testng.SuiteRunner.run(SuiteRunner.java:312)
	at org.testng.SuiteRunnerWorker.runSuite(SuiteRunnerWorker.java:52)
	at org.testng.SuiteRunnerWorker.run(SuiteRunnerWorker.java:95)
	at org.testng.TestNG.runSuitesSequentially(TestNG.java:1274)
	at org.testng.TestNG.runSuitesLocally(TestNG.java:1208)
	at org.testng.TestNG.runSuites(TestNG.java:1112)
	at org.testng.TestNG.run(TestNG.java:1079)
	at org.apache.maven.surefire.testng.TestNGExecutor.run(TestNGExecutor.java:155)
	at org.apache.maven.surefire.testng.TestNGDirectoryTestSuite.executeMulti(TestNGDirectoryTestSuite.java:169)
	at org.apache.maven.surefire.testng.TestNGDirectoryTestSuite.execute(TestNGDirectoryTestSuite.java:88)
	at org.apache.maven.surefire.testng.TestNGProvider.invoke(TestNGProvider.java:137)
	at org.apache.maven.surefire.booter.ForkedBooter.runSuitesInProcess(ForkedBooter.java:385)
	at org.apache.maven.surefire.booter.ForkedBooter.execute(ForkedBooter.java:162)
	at org.apache.maven.surefire.booter.ForkedBooter.run(ForkedBooter.java:507)
	at org.apache.maven.surefire.booter.ForkedBooter.main(ForkedBooter.java:495)
]]></failure>
    <system-out><![CDATA[[BaseTest] Handled initial notification permission dialog (Allow)
[SignInTest] STEP 1: Starting test - Sign in with valid credentials (via Signup screen's Sign In link)
[SignInTest] Navigating: onboarding -> Get Started -> Signup -> Sign In link
[OnboardingPage] Handled initial permission dialog (Allow)
[OnboardingPage] Waiting for 'Skip button' (attempt 1/3)
[OnboardingPage] Clicked Skip button
[OnboardingPage] Waiting for 'Get Started button' (attempt 1/3)
[OnboardingPage] Clicked Get Started button
[SignupPage] 'clickSignInLink' not visible yet, scrolling down (attempt 1/6)
[SignupPage] 'clickSignInLink' not visible yet, scrolling down (attempt 2/6)
[SignupPage] 'clickSignInLink' not visible yet, scrolling down (attempt 3/6)
[SignupPage] Clicked 'clickSignInLink'
[SignInTest] STEP 2: Entering email and password
[SignInPage] Filled 'Email' with 'irfanrehan635+1@gmail.com'
[SignInPage] Filled 'Password' with '****'
[SignInTest] STEP 3: Clicking Sign In
[SignInPage] Clicked 'clickSignInButton'
[SignInTest] STEP 4: Verifying successful login/navigation
]]></system-out>
    <system-err><![CDATA[SLF4J(W): No SLF4J providers were found.
SLF4J(W): Defaulting to no-operation (NOP) logger implementation
SLF4J(W): See https://www.slf4j.org/codes.html#noProviders for further details.
]]></system-err>
  </testcase>
  <testcase name="testSignInWithValidCredentials[true, via Welcome screen&apos;s Sign In button](2)" classname="tests.SignInTest" time="56.256">
    <failure message="Sign in did not succeed expected [true] but found [false]" type="java.lang.AssertionError"><![CDATA[java.lang.AssertionError: Sign in did not succeed expected [true] but found [false]
	at org.testng.Assert.fail(Assert.java:111)
	at org.testng.Assert.failNotEquals(Assert.java:1578)
	at org.testng.Assert.assertTrue(Assert.java:57)
	at tests.SignInTest.testSignInWithValidCredentials(SignInTest.java:97)
	at java.base/jdk.internal.reflect.NativeMethodAccessorImpl.invoke0(Native Method)
	at java.base/jdk.internal.reflect.NativeMethodAccessorImpl.invoke(NativeMethodAccessorImpl.java:77)
	at java.base/jdk.internal.reflect.DelegatingMethodAccessorImpl.invoke(DelegatingMethodAccessorImpl.java:43)
	at java.base/java.lang.reflect.Method.invoke(Method.java:569)
	at org.testng.internal.invokers.MethodInvocationHelper.invokeMethod(MethodInvocationHelper.java:141)
	at org.testng.internal.invokers.TestInvoker.invokeMethod(TestInvoker.java:686)
	at org.testng.internal.invokers.TestInvoker.invokeTestMethod(TestInvoker.java:230)
	at org.testng.internal.invokers.MethodRunner.runInSequence(MethodRunner.java:63)
	at org.testng.internal.invokers.TestInvoker$MethodInvocationAgent.invoke(TestInvoker.java:992)
	at org.testng.internal.invokers.TestInvoker.invokeTestMethods(TestInvoker.java:203)
	at org.testng.internal.invokers.TestMethodWorker.invokeTestMethods(TestMethodWorker.java:154)
	at org.testng.internal.invokers.TestMethodWorker.run(TestMethodWorker.java:134)
	at java.base/java.util.ArrayList.forEach(ArrayList.java:1511)
	at org.testng.TestRunner.privateRun(TestRunner.java:739)
	at org.testng.TestRunner.run(TestRunner.java:614)
	at org.testng.SuiteRunner.runTest(SuiteRunner.java:421)
	at org.testng.SuiteRunner.runSequentially(SuiteRunner.java:413)
	at org.testng.SuiteRunner.privateRun(SuiteRunner.java:373)
	at org.testng.SuiteRunner.run(SuiteRunner.java:312)
	at org.testng.SuiteRunnerWorker.runSuite(SuiteRunnerWorker.java:52)
	at org.testng.SuiteRunnerWorker.run(SuiteRunnerWorker.java:95)
	at org.testng.TestNG.runSuitesSequentially(TestNG.java:1274)
	at org.testng.TestNG.runSuitesLocally(TestNG.java:1208)
	at org.testng.TestNG.runSuites(TestNG.java:1112)
	at org.testng.TestNG.run(TestNG.java:1079)
	at org.apache.maven.surefire.testng.TestNGExecutor.run(TestNGExecutor.java:155)
	at org.apache.maven.surefire.testng.TestNGDirectoryTestSuite.executeMulti(TestNGDirectoryTestSuite.java:169)
	at org.apache.maven.surefire.testng.TestNGDirectoryTestSuite.execute(TestNGDirectoryTestSuite.java:88)
	at org.apache.maven.surefire.testng.TestNGProvider.invoke(TestNGProvider.java:137)
	at org.apache.maven.surefire.booter.ForkedBooter.runSuitesInProcess(ForkedBooter.java:385)
	at org.apache.maven.surefire.booter.ForkedBooter.execute(ForkedBooter.java:162)
	at org.apache.maven.surefire.booter.ForkedBooter.run(ForkedBooter.java:507)
	at org.apache.maven.surefire.booter.ForkedBooter.main(ForkedBooter.java:495)
]]></failure>
    <system-out><![CDATA[[BaseTest] Handled initial notification permission dialog (Allow)
[SignInTest] STEP 1: Starting test - Sign in with valid credentials (via Welcome screen's Sign In button)
[SignInTest] Navigating: onboarding -> Sign In (direct from the Welcome screen)
[OnboardingPage] Next click 1 of 4
[OnboardingPage] Waiting for 'Next button' (attempt 1/3)
[OnboardingPage] Clicked Next button
[OnboardingPage] Next click 2 of 4
[OnboardingPage] Waiting for 'Next button' (attempt 1/3)
[OnboardingPage] Clicked Next button
[OnboardingPage] Next click 3 of 4
[OnboardingPage] Waiting for 'Next button' (attempt 1/3)
[OnboardingPage] Clicked Next button
[OnboardingPage] Next click 4 of 4
[OnboardingPage] Waiting for 'Next button' (attempt 1/3)
[OnboardingPage] Clicked Next button
[OnboardingPage] Waiting for 'Sign In button (Welcome screen)' (attempt 1/3)
[OnboardingPage] Clicked Sign In button (Welcome screen)
[SignInTest] STEP 2: Entering email and password
[SignInPage] Filled 'Email' with 'irfanrehan635+1@gmail.com'
[SignInPage] Filled 'Password' with '****'
[SignInTest] STEP 3: Clicking Sign In
[SignInPage] Clicked 'clickSignInButton'
[SignInTest] STEP 4: Verifying successful login/navigation
]]></system-out>
  </testcase>
  <testcase name="testSignupDobValidation" classname="tests.OnboardingTest" time="123.159">
    <failure message="Failed to select date of birth expected [true] but found [false]" type="java.lang.AssertionError"><![CDATA[java.lang.AssertionError: Failed to select date of birth expected [true] but found [false]
	at org.testng.Assert.fail(Assert.java:111)
	at org.testng.Assert.failNotEquals(Assert.java:1578)
	at org.testng.Assert.assertTrue(Assert.java:57)
	at tests.OnboardingTest.testSignupDobValidation(OnboardingTest.java:200)
	at java.base/jdk.internal.reflect.NativeMethodAccessorImpl.invoke0(Native Method)
	at java.base/jdk.internal.reflect.NativeMethodAccessorImpl.invoke(NativeMethodAccessorImpl.java:77)
	at java.base/jdk.internal.reflect.DelegatingMethodAccessorImpl.invoke(DelegatingMethodAccessorImpl.java:43)
	at java.base/java.lang.reflect.Method.invoke(Method.java:569)
	at org.testng.internal.invokers.MethodInvocationHelper.invokeMethod(MethodInvocationHelper.java:141)
	at org.testng.internal.invokers.TestInvoker.invokeMethod(TestInvoker.java:686)
	at org.testng.internal.invokers.TestInvoker.invokeTestMethod(TestInvoker.java:230)
	at org.testng.internal.invokers.MethodRunner.runInSequence(MethodRunner.java:63)
	at org.testng.internal.invokers.TestInvoker$MethodInvocationAgent.invoke(TestInvoker.java:992)
	at org.testng.internal.invokers.TestInvoker.invokeTestMethods(TestInvoker.java:203)
	at org.testng.internal.invokers.TestMethodWorker.invokeTestMethods(TestMethodWorker.java:154)
	at org.testng.internal.invokers.TestMethodWorker.run(TestMethodWorker.java:134)
	at java.base/java.util.ArrayList.forEach(ArrayList.java:1511)
	at org.testng.TestRunner.privateRun(TestRunner.java:739)
	at org.testng.TestRunner.run(TestRunner.java:614)
	at org.testng.SuiteRunner.runTest(SuiteRunner.java:421)
	at org.testng.SuiteRunner.runSequentially(SuiteRunner.java:413)
	at org.testng.SuiteRunner.privateRun(SuiteRunner.java:373)
	at org.testng.SuiteRunner.run(SuiteRunner.java:312)
	at org.testng.SuiteRunnerWorker.runSuite(SuiteRunnerWorker.java:52)
	at org.testng.SuiteRunnerWorker.run(SuiteRunnerWorker.java:95)
	at org.testng.TestNG.runSuitesSequentially(TestNG.java:1274)
	at org.testng.TestNG.runSuitesLocally(TestNG.java:1208)
	at org.testng.TestNG.runSuites(TestNG.java:1112)
	at org.testng.TestNG.run(TestNG.java:1079)
	at org.apache.maven.surefire.testng.TestNGExecutor.run(TestNGExecutor.java:155)
	at org.apache.maven.surefire.testng.TestNGDirectoryTestSuite.executeMulti(TestNGDirectoryTestSuite.java:169)
	at org.apache.maven.surefire.testng.TestNGDirectoryTestSuite.execute(TestNGDirectoryTestSuite.java:88)
	at org.apache.maven.surefire.testng.TestNGProvider.invoke(TestNGProvider.java:137)
	at org.apache.maven.surefire.booter.ForkedBooter.runSuitesInProcess(ForkedBooter.java:385)
	at org.apache.maven.surefire.booter.ForkedBooter.execute(ForkedBooter.java:162)
	at org.apache.maven.surefire.booter.ForkedBooter.run(ForkedBooter.java:507)
	at org.apache.maven.surefire.booter.ForkedBooter.main(ForkedBooter.java:495)
]]></failure>
    <system-out><![CDATA[[BaseTest] Handled initial notification permission dialog (Allow)
[OnboardingTest] STEP 1: Starting test - DOB mandatory field validation
[OnboardingTest] STEP 2: Completing onboarding via Next x4
[OnboardingPage] Next click 1 of 4
[OnboardingPage] Waiting for 'Next button' (attempt 1/3)
[OnboardingPage] Clicked Next button
[OnboardingPage] Next click 2 of 4
[OnboardingPage] Waiting for 'Next button' (attempt 1/3)
[OnboardingPage] Clicked Next button
[OnboardingPage] Next click 3 of 4
[OnboardingPage] Waiting for 'Next button' (attempt 1/3)
[OnboardingPage] Clicked Next button
[OnboardingPage] Next click 4 of 4
[OnboardingPage] Waiting for 'Next button' (attempt 1/3)
[OnboardingPage] Clicked Next button
[OnboardingPage] Waiting for 'Get Started button' (attempt 1/3)
[OnboardingPage] Clicked Get Started button
[OnboardingTest] STEP 3: Confirming DOB field is present and mandatory
[OnboardingTest] STEP 4: Filling every other mandatory field, deliberately leaving DOB empty
[SignupPage] Filled 'Full Name' with 'Muhammad Zain'
[SignupPage] Filled 'Screen Name' with 'xani2dob'
[SignupPage] Filled 'Email' with 'zain1dob@yopmail.com'
[SignupPage] Clicked 'clickGenderField'
[SignupPage] Clicked 'selectGenderMale'
[SignupPage] Filled 'Location' with 'San Francisco'
[SignupPage] Clicked 'selectLocationFromDropdown'
[SignupPage] Filled 'Phone Number' with '5169298899'
[SignupPage] Filled 'Password' with '****'
[SignupPage] Filled 'Confirm Password' with '****'
[SignupPage] Clicked 'agreeTermsCheckbox'
[OnboardingTest] STEP 5: Submitting with DOB empty and verifying the form does NOT proceed
[SignupPage] Clicked 'clickCreateAccountButton'
[OnboardingTest] STEP 6: Now selecting a DOB (same session, same data otherwise) and resubmitting, to prove DOB specifically was the blocker rather than some unrelated issue
[SignupPage] 'clickDobField' not visible yet, scrolling down (attempt 1/6)
[SignupPage] 'clickDobField' not visible yet, scrolling down (attempt 2/6)
[SignupPage] 'clickDobField' not visible yet, scrolling down (attempt 3/6)
[SignupPage] 'clickDobField' not visible yet, scrolling down (attempt 4/6)
[SignupPage] 'clickDobField' not visible yet, scrolling down (attempt 5/6)
[SignupPage] 'clickDobField' failed: Expected condition failed: waiting for element to be clickable: By.xpath: //*[@resource-id="signup-dob-input"] (tried for 5 second(s) with 500 milliseconds interval)
Build info: version: '4.21.0', revision: '79ed462ef4'
System info: os.name: 'Linux', os.arch: 'amd64', os.version: '5.15.0-139-generic', java.version: '17.0.15'
Driver info: io.appium.java_client.android.AndroidDriver
Capabilities {appium:appActivity: com.knackcity.MainActivity, appium:appPackage: com.knackcity, appium:autoGrantPermissions: true, appium:automationName: UiAutomator2, appium:databaseEnabled: false, appium:desired: {appActivity: com.knackcity.MainActivity, appPackage: com.knackcity, autoGrantPermissions: true, automationName: UiAutomator2, deviceName: R8VXA01R73Y, newCommandTimeout: 120, noReset: true, platformName: ANDROID, udid: R8VXA01R73Y, waitForIdleTimeout: 0}, appium:deviceApiLevel: 35, appium:deviceManufacturer: samsung, appium:deviceModel: SM-A065F, appium:deviceName: R8VXA01R73Y, appium:deviceScreenDensity: 300, appium:deviceScreenSize: 720x1600, appium:deviceUDID: R8VXA01R73Y, appium:javascriptEnabled: true, appium:locationContextEnabled: false, appium:networkConnectionEnabled: true, appium:newCommandTimeout: 120, appium:noReset: true, appium:pixelRatio: 1.875, appium:platformVersion: 15, appium:statBarHeight: 43, appium:takesScreenshot: true, appium:udid: R8VXA01R73Y, appium:viewportRect: {height: 1557, left: 0, top: 43, width: 720}, appium:waitForIdleTimeout: 0, appium:warnings: {}, appium:webStorageEnabled: false, platformName: ANDROID}
Session ID: 04887911-cb7e-4592-9228-c6113777280a
]]></system-out>
  </testcase>
</testsuite>