<?xml version="1.0" encoding="UTF-8"?>
<testsuite xmlns:xsi="http://www.w3.org/2001/XMLSchema-instance" xsi:noNamespaceSchemaLocation="https://maven.apache.org/surefire/maven-surefire-plugin/xsd/surefire-test-report-3.0.xsd" version="3.0" name="TestSuite" time="1053.027" tests="12" errors="0" skipped="0" failures="9">
  <properties>
[...]
</properties>
  <testcase name="testNavigateToSignupViaNext" classname="tests.OnboardingTest" time="29.084">
    <system-out><![CDATA[[BaseTest] Handled initial notification permission dialog (Allow)
[OnboardingTest] STEP 1: Starting test - Navigate to signup via Next
[OnboardingTest] STEP 2: Clicking Next button 4 times
[OnboardingPage] Handled initial permission dialog (Allow)
[OnboardingPage] Next click 1 of 4
[OnboardingPage] Waiting for 'Next button' (attempt 1/3)
[OnboardingPage] Clicked Next button
[OnboardingPage] Next click 2 of 4
[OnboardingPage] Waiting for 'Next button' (attempt 1/3)
[OnboardingPage] Clicked Next button
[OnboardingPage] Next click 3 of 4
[OnboardingPage] Waiting for 'Next button' (attempt 1/3)
[OnboardingPage] Clicked Next button
[OnboardingPage] Next click 4 of 4
[OnboardingPage] Waiting for 'Next button' (attempt 1/3)
[OnboardingPage] Clicked Next button
[OnboardingTest] STEP 3: Clicking Get Started on the Welcome screen
[OnboardingPage] Waiting for 'Get Started button' (attempt 1/3)
[OnboardingPage] Clicked Get Started button
[OnboardingTest] STEP 4: Verifying signup screen is displayed
[OnboardingTest] TEST PASSED: Signup screen displayed via Next
]]></system-out>
    <system-err><![CDATA[SLF4J(W): No SLF4J providers were found.
SLF4J(W): Defaulting to no-operation (NOP) logger implementation
SLF4J(W): See https://www.slf4j.org/codes.html#noProviders for further details.
]]></system-err>
  </testcase>
  <testcase name="testNavigateToSignupViaSkip" classname="tests.OnboardingTest" time="21.255">
    <system-out><![CDATA[[BaseTest] Handled initial notification permission dialog (Allow)
[OnboardingTest] STEP 1: Starting test - Navigate to signup via Skip
[OnboardingTest] STEP 2: Clicking Skip button
[OnboardingPage] Handled initial permission dialog (Allow)
[OnboardingPage] Waiting for 'Skip button' (attempt 1/3)
[OnboardingPage] Clicked Skip button
[OnboardingTest] STEP 3: Clicking Get Started on the Welcome screen
[OnboardingPage] Waiting for 'Get Started button' (attempt 1/3)
[OnboardingPage] Clicked Get Started button
[OnboardingTest] STEP 4: Verifying signup screen is displayed
[OnboardingTest] TEST PASSED: Signup screen displayed via Skip
]]></system-out>
  </testcase>
  <testcase name="testSignupWithEmailAndPassword" classname="tests.OnboardingTest" time="178.066">
    <failure message="Failed to click Terms &amp; Conditions link expected [true] but found [false]" type="java.lang.AssertionError"><![CDATA[java.lang.AssertionError: Failed to click Terms & Conditions link expected [true] but found [false]
	at org.testng.Assert.fail(Assert.java:111)
	at org.testng.Assert.failNotEquals(Assert.java:1578)
	at org.testng.Assert.assertTrue(Assert.java:57)
	at tests.OnboardingTest.testSignupWithEmailAndPassword(OnboardingTest.java:118)
	at java.base/jdk.internal.reflect.NativeMethodAccessorImpl.invoke0(Native Method)
	at java.base/jdk.internal.reflect.NativeMethodAccessorImpl.invoke(NativeMethodAccessorImpl.java:77)
	at java.base/jdk.internal.reflect.DelegatingMethodAccessorImpl.invoke(DelegatingMethodAccessorImpl.java:43)
	at java.base/java.lang.reflect.Method.invoke(Method.java:569)
	at org.testng.internal.invokers.MethodInvocationHelper.invokeMethod(MethodInvocationHelper.java:141)
	at org.testng.internal.invokers.TestInvoker.invokeMethod(TestInvoker.java:686)
	at org.testng.internal.invokers.TestInvoker.invokeTestMethod(TestInvoker.java:230)
	at org.testng.internal.invokers.MethodRunner.runInSequence(MethodRunner.java:63)
	at org.testng.internal.invokers.TestInvoker$MethodInvocationAgent.invoke(TestInvoker.java:992)
	at org.testng.internal.invokers.TestInvoker.invokeTestMethods(TestInvoker.java:203)
	at org.testng.internal.invokers.TestMethodWorker.invokeTestMethods(TestMethodWorker.java:154)
	at org.testng.internal.invokers.TestMethodWorker.run(TestMethodWorker.java:134)
	at java.base/java.util.ArrayList.forEach(ArrayList.java:1511)
	at org.testng.TestRunner.privateRun(TestRunner.java:739)
	at org.testng.TestRunner.run(TestRunner.java:614)
	at org.testng.SuiteRunner.runTest(SuiteRunner.java:421)
	at org.testng.SuiteRunner.runSequentially(SuiteRunner.java:413)
	at org.testng.SuiteRunner.privateRun(SuiteRunner.java:373)
	at org.testng.SuiteRunner.run(SuiteRunner.java:312)
	at org.testng.SuiteRunnerWorker.runSuite(SuiteRunnerWorker.java:52)
	at org.testng.SuiteRunnerWorker.run(SuiteRunnerWorker.java:95)
	at org.testng.TestNG.runSuitesSequentially(TestNG.java:1274)
	at org.testng.TestNG.runSuitesLocally(TestNG.java:1208)
	at org.testng.TestNG.runSuites(TestNG.java:1112)
	at org.testng.TestNG.run(TestNG.java:1079)
	at org.apache.maven.surefire.testng.TestNGExecutor.run(TestNGExecutor.java:308)
	at org.apache.maven.surefire.testng.TestNGXmlTestSuite.execute(TestNGXmlTestSuite.java:71)
	at org.apache.maven.surefire.testng.TestNGProvider.invoke(TestNGProvider.java:113)
	at org.apache.maven.surefire.booter.ForkedBooter.runSuitesInProcess(ForkedBooter.java:385)
	at org.apache.maven.surefire.booter.ForkedBooter.execute(ForkedBooter.java:162)
	at org.apache.maven.surefire.booter.ForkedBooter.run(ForkedBooter.java:507)
	at org.apache.maven.surefire.booter.ForkedBooter.main(ForkedBooter.java:495)
]]></failure>
    <system-out><![CDATA[[BaseTest] Handled initial notification permission dialog (Allow)
[OnboardingTest] STEP 1: Starting test - Signup with email and password
[OnboardingTest] STEP 2: Completing onboarding via Next x4
[OnboardingPage] Next click 1 of 4
[OnboardingPage] Waiting for 'Next button' (attempt 1/3)
[OnboardingPage] Clicked Next button
[OnboardingPage] Next click 2 of 4
[OnboardingPage] Waiting for 'Next button' (attempt 1/3)
[OnboardingPage] Clicked Next button
[OnboardingPage] Next click 3 of 4
[OnboardingPage] Waiting for 'Next button' (attempt 1/3)
[OnboardingPage] Clicked Next button
[OnboardingPage] Next click 4 of 4
[OnboardingPage] Waiting for 'Next button' (attempt 1/3)
[OnboardingPage] Clicked Next button
[OnboardingPage] Waiting for 'Get Started button' (attempt 1/3)
[OnboardingPage] Clicked Get Started button
[OnboardingTest] STEP 3: Uploading profile image (optional)
[SignupPage] Clicked 'clickUploadImageButton'
[SignupPage] Clicked 'clickChooseFromGallery'
[SignupPage] Handled permission popup via locator: By.id: com.android.permissioncontroller:id/permission_allow_all_button
[SignupPage] Clicked 'selectFirstPhotoFromPicker'
[SignupPage] Clicked 'confirmPhotoSelection'
[OnboardingTest] Profile image upload succeeded
[OnboardingTest] STEP 4: Filling basic profile fields (full name, screen name, email, DOB, gender, bio)
[SignupPage] Filled 'Full Name' with 'Uzair Iqbal'
[SignupPage] Filled 'Screen Name' with 'uzair2'
[SignupPage] Filled 'Email' with 'uzair2@yopmail.com'
[SignupPage] Clicked 'clickDobField'
[SignupPage] Scrolled to and selected DOB year 1995 via UiScrollable
[SignupPage] Confirmed DOB picker (OK)
[SignupPage] Clicked 'clickGenderField'
[SignupPage] Clicked 'selectGenderMale'
[SignupPage] Filled 'Bio' with 'QA Automation Engineer'
[OnboardingTest] STEP 5: Filling location
[SignupPage] Filled 'Location' with 'San Francisco'
[SignupPage] Clicked 'selectLocationFromDropdown'
[OnboardingTest] STEP 6: Filling phone number and password fields
[SignupPage] Filled 'Phone Number' with '4084427455'
[SignupPage] Filled 'Password' with '****'
[OnboardingTest] STEP 6b: Verifying password visibility toggle
[SignupPage] Clicked 'togglePasswordVisibility'
[SignupPage] Clicked 'togglePasswordVisibility'
[SignupPage] Filled 'Confirm Password' with '****'
[OnboardingTest] STEP 7: Opening Terms & Conditions webpage and returning to Signup
[SignupPage] 'clickTermsAndConditions' not visible yet, scrolling down (attempt 1/6)
[SignupPage] 'clickTermsAndConditions' not visible yet, scrolling down (attempt 2/6)
[SignupPage] 'clickTermsAndConditions' not visible yet, scrolling down (attempt 3/6)
[SignupPage] 'clickTermsAndConditions' not visible yet, scrolling down (attempt 4/6)
[SignupPage] 'clickTermsAndConditions' not visible yet, scrolling down (attempt 5/6)
[SignupPage] 'clickTermsAndConditions' failed: Expected condition failed: waiting for element to be clickable: By.xpath: //android.widget.TextView[@text="I agree to the Terms & Conditions"] (tried for 5 second(s) with 500 milliseconds interval)
Build info: version: '4.21.0', revision: '79ed462ef4'
System info: os.name: 'Linux', os.arch: 'amd64', os.version: '5.15.0-139-generic', java.version: '17.0.15'
Driver info: io.appium.java_client.android.AndroidDriver
Capabilities {appium:appActivity: com.knackcity.MainActivity, appium:appPackage: com.knackcity, appium:autoGrantPermissions: true, appium:automationName: UiAutomator2, appium:databaseEnabled: false, appium:desired: {appActivity: com.knackcity.MainActivity, appPackage: com.knackcity, autoGrantPermissions: true, automationName: UiAutomator2, deviceName: R8VXA01R73Y, newCommandTimeout: 120, noReset: true, platformName: ANDROID, udid: R8VXA01R73Y, waitForIdleTimeout: 0}, appium:deviceApiLevel: 35, appium:deviceManufacturer: samsung, appium:deviceModel: SM-A065F, appium:deviceName: R8VXA01R73Y, appium:deviceScreenDensity: 300, appium:deviceScreenSize: 720x1600, appium:deviceUDID: R8VXA01R73Y, appium:javascriptEnabled: true, appium:locationContextEnabled: false, appium:networkConnectionEnabled: true, appium:newCommandTimeout: 120, appium:noReset: true, appium:pixelRatio: 1.875, appium:platformVersion: 15, appium:statBarHeight: 43, appium:takesScreenshot: true, appium:udid: R8VXA01R73Y, appium:viewportRect: {height: 1557, left: 0, top: 43, width: 720}, appium:waitForIdleTimeout: 0, appium:warnings: {}, appium:webStorageEnabled: false, platformName: ANDROID}
Session ID: b10f6988-0001-4752-8038-d2fe98af9a73
]]></system-out>
  </testcase>
  <testcase name="testSignupWithCameraImageUpload" classname="tests.OnboardingTest" time="133.494">
    <failure message="Signup was not successful expected [true] but found [false]" type="java.lang.AssertionError"><![CDATA[java.lang.AssertionError: Signup was not successful expected [true] but found [false]
	at org.testng.Assert.fail(Assert.java:111)
	at org.testng.Assert.failNotEquals(Assert.java:1578)
	at org.testng.Assert.assertTrue(Assert.java:57)
	at tests.OnboardingTest.testSignupWithCameraImageUpload(OnboardingTest.java:197)
	at java.base/jdk.internal.reflect.NativeMethodAccessorImpl.invoke0(Native Method)
	at java.base/jdk.internal.reflect.NativeMethodAccessorImpl.invoke(NativeMethodAccessorImpl.java:77)
	at java.base/jdk.internal.reflect.DelegatingMethodAccessorImpl.invoke(DelegatingMethodAccessorImpl.java:43)
	at java.base/java.lang.reflect.Method.invoke(Method.java:569)
	at org.testng.internal.invokers.MethodInvocationHelper.invokeMethod(MethodInvocationHelper.java:141)
	at org.testng.internal.invokers.TestInvoker.invokeMethod(TestInvoker.java:686)
	at org.testng.internal.invokers.TestInvoker.invokeTestMethod(TestInvoker.java:230)
	at org.testng.internal.invokers.MethodRunner.runInSequence(MethodRunner.java:63)
	at org.testng.internal.invokers.TestInvoker$MethodInvocationAgent.invoke(TestInvoker.java:992)
	at org.testng.internal.invokers.TestInvoker.invokeTestMethods(TestInvoker.java:203)
	at org.testng.internal.invokers.TestMethodWorker.invokeTestMethods(TestMethodWorker.java:154)
	at org.testng.internal.invokers.TestMethodWorker.run(TestMethodWorker.java:134)
	at java.base/java.util.ArrayList.forEach(ArrayList.java:1511)
	at org.testng.TestRunner.privateRun(TestRunner.java:739)
	at org.testng.TestRunner.run(TestRunner.java:614)
	at org.testng.SuiteRunner.runTest(SuiteRunner.java:421)
	at org.testng.SuiteRunner.runSequentially(SuiteRunner.java:413)
	at org.testng.SuiteRunner.privateRun(SuiteRunner.java:373)
	at org.testng.SuiteRunner.run(SuiteRunner.java:312)
	at org.testng.SuiteRunnerWorker.runSuite(SuiteRunnerWorker.java:52)
	at org.testng.SuiteRunnerWorker.run(SuiteRunnerWorker.java:95)
	at org.testng.TestNG.runSuitesSequentially(TestNG.java:1274)
	at org.testng.TestNG.runSuitesLocally(TestNG.java:1208)
	at org.testng.TestNG.runSuites(TestNG.java:1112)
	at org.testng.TestNG.run(TestNG.java:1079)
	at org.apache.maven.surefire.testng.TestNGExecutor.run(TestNGExecutor.java:308)
	at org.apache.maven.surefire.testng.TestNGXmlTestSuite.execute(TestNGXmlTestSuite.java:71)
	at org.apache.maven.surefire.testng.TestNGProvider.invoke(TestNGProvider.java:113)
	at org.apache.maven.surefire.booter.ForkedBooter.runSuitesInProcess(ForkedBooter.java:385)
	at org.apache.maven.surefire.booter.ForkedBooter.execute(ForkedBooter.java:162)
	at org.apache.maven.surefire.booter.ForkedBooter.run(ForkedBooter.java:507)
	at org.apache.maven.surefire.booter.ForkedBooter.main(ForkedBooter.java:495)
]]></failure>
    <system-out><![CDATA[[BaseTest] Handled initial notification permission dialog (Allow)
[OnboardingTest] STEP 1: Starting test - Signup with profile image captured via in-app camera
[OnboardingTest] STEP 2: Completing onboarding via Next x4
[OnboardingPage] Next click 1 of 4
[OnboardingPage] Waiting for 'Next button' (attempt 1/3)
[OnboardingPage] Clicked Next button
[OnboardingPage] Next click 2 of 4
[OnboardingPage] Waiting for 'Next button' (attempt 1/3)
[OnboardingPage] Clicked Next button
[OnboardingPage] Next click 3 of 4
[OnboardingPage] Waiting for 'Next button' (attempt 1/3)
[OnboardingPage] Clicked Next button
[OnboardingPage] Next click 4 of 4
[OnboardingPage] Waiting for 'Next button' (attempt 1/3)
[OnboardingPage] Clicked Next button
[OnboardingPage] Waiting for 'Get Started button' (attempt 1/3)
[OnboardingPage] Clicked Get Started button
[OnboardingTest] STEP 3: Uploading profile image via in-app camera (capture -> close via Navigate up -> capture again -> Crop to select)
[SignupPage] Clicked 'clickUploadImageButton'
[SignupPage] Clicked 'clickUseCamera'
[SignupPage] Handled camera permission popup (Allow while using the app)
[SignupPage] Clicked 'clickCameraShutterButton'
[SignupPage] Clicked 'closeCapturedCameraImage'
[SignupPage] Clicked 'clickUploadImageButton'
[SignupPage] Clicked 'clickUseCamera'
[SignupPage] No camera permission popup appeared (or already granted).
[SignupPage] Clicked 'clickCameraShutterButton'
[SignupPage] Clicked 'cropCapturedCameraImage'
[OnboardingTest] STEP 4: Filling basic profile fields (full name, screen name, email, DOB, gender, bio)
[SignupPage] Filled 'Full Name' with 'rana sohaib'
[SignupPage] Filled 'Screen Name' with 'sohaib18466'
[SignupPage] Filled 'Email' with 'sohaib18466@yopmail.com'
[SignupPage] Clicked 'clickDobField'
[SignupPage] Selected DOB year 2026
[SignupPage] Confirmed DOB picker (OK)
[SignupPage] Clicked 'clickGenderField'
[SignupPage] Clicked 'selectGenderFemale'
[SignupPage] Filled 'Bio' with 'i am the best tester'
[OnboardingTest] STEP 5: Filling location
[SignupPage] Filled 'Location' with 'San Francisco'
[SignupPage] Clicked 'selectLocationFromDropdown'
[OnboardingTest] STEP 6: Filling phone number and password fields
[SignupPage] Filled 'Phone Number' with '4012478544'
[SignupPage] Filled 'Password' with '****'
[SignupPage] Filled 'Confirm Password' with '****'
[OnboardingTest] STEP 7: Checking the Terms & Conditions checkbox
[SignupPage] Clicked 'agreeTermsCheckbox'
[OnboardingTest] STEP 8: Submitting signup form
[SignupPage] Clicked 'clickCreateAccountButton'
[OnboardingTest] STEP 9: Verifying signup success
]]></system-out>
  </testcase>
  <testcase name="testSignupWithGoogle" classname="tests.OnboardingTest" time="72.562">
    <failure message="Signup with Google was not successful expected [true] but found [false]" type="java.lang.AssertionError"><![CDATA[java.lang.AssertionError: Signup with Google was not successful expected [true] but found [false]
	at org.testng.Assert.fail(Assert.java:111)
	at org.testng.Assert.failNotEquals(Assert.java:1578)
	at org.testng.Assert.assertTrue(Assert.java:57)
	at tests.OnboardingTest.testSignupWithGoogle(OnboardingTest.java:224)
	at java.base/jdk.internal.reflect.NativeMethodAccessorImpl.invoke0(Native Method)
	at java.base/jdk.internal.reflect.NativeMethodAccessorImpl.invoke(NativeMethodAccessorImpl.java:77)
	at java.base/jdk.internal.reflect.DelegatingMethodAccessorImpl.invoke(DelegatingMethodAccessorImpl.java:43)
	at java.base/java.lang.reflect.Method.invoke(Method.java:569)
	at org.testng.internal.invokers.MethodInvocationHelper.invokeMethod(MethodInvocationHelper.java:141)
	at org.testng.internal.invokers.TestInvoker.invokeMethod(TestInvoker.java:686)
	at org.testng.internal.invokers.TestInvoker.invokeTestMethod(TestInvoker.java:230)
	at org.testng.internal.invokers.MethodRunner.runInSequence(MethodRunner.java:63)
	at org.testng.internal.invokers.TestInvoker$MethodInvocationAgent.invoke(TestInvoker.java:992)
	at org.testng.internal.invokers.TestInvoker.invokeTestMethods(TestInvoker.java:203)
	at org.testng.internal.invokers.TestMethodWorker.invokeTestMethods(TestMethodWorker.java:154)
	at org.testng.internal.invokers.TestMethodWorker.run(TestMethodWorker.java:134)
	at java.base/java.util.ArrayList.forEach(ArrayList.java:1511)
	at org.testng.TestRunner.privateRun(TestRunner.java:739)
	at org.testng.TestRunner.run(TestRunner.java:614)
	at org.testng.SuiteRunner.runTest(SuiteRunner.java:421)
	at org.testng.SuiteRunner.runSequentially(SuiteRunner.java:413)
	at org.testng.SuiteRunner.privateRun(SuiteRunner.java:373)
	at org.testng.SuiteRunner.run(SuiteRunner.java:312)
	at org.testng.SuiteRunnerWorker.runSuite(SuiteRunnerWorker.java:52)
	at org.testng.SuiteRunnerWorker.run(SuiteRunnerWorker.java:95)
	at org.testng.TestNG.runSuitesSequentially(TestNG.java:1274)
	at org.testng.TestNG.runSuitesLocally(TestNG.java:1208)
	at org.testng.TestNG.runSuites(TestNG.java:1112)
	at org.testng.TestNG.run(TestNG.java:1079)
	at org.apache.maven.surefire.testng.TestNGExecutor.run(TestNGExecutor.java:308)
	at org.apache.maven.surefire.testng.TestNGXmlTestSuite.execute(TestNGXmlTestSuite.java:71)
	at org.apache.maven.surefire.testng.TestNGProvider.invoke(TestNGProvider.java:113)
	at org.apache.maven.surefire.booter.ForkedBooter.runSuitesInProcess(ForkedBooter.java:385)
	at org.apache.maven.surefire.booter.ForkedBooter.execute(ForkedBooter.java:162)
	at org.apache.maven.surefire.booter.ForkedBooter.run(ForkedBooter.java:507)
	at org.apache.maven.surefire.booter.ForkedBooter.main(ForkedBooter.java:495)
]]></failure>
    <system-out><![CDATA[[BaseTest] Handled initial notification permission dialog (Allow)
[OnboardingTest] STEP 1: Starting test - Signup with Google
[OnboardingTest] STEP 2: Skipping onboarding
[OnboardingPage] Waiting for 'Skip button' (attempt 1/3)
[OnboardingPage] Clicked Skip button
[OnboardingPage] Waiting for 'Get Started button' (attempt 1/3)
[OnboardingPage] Clicked Get Started button
[OnboardingTest] STEP 3: Clicking Continue with Google
[SignupPage] 'clickContinueWithGoogle' not visible yet, scrolling down (attempt 1/6)
[SignupPage] 'clickContinueWithGoogle' not visible yet, scrolling down (attempt 2/6)
[SignupPage] Clicked 'clickContinueWithGoogle'
[OnboardingTest] STEP 4: Selecting Google account
[SignupPage] Clicked 'selectGoogleAccount'
[OnboardingTest] STEP 5: Verifying signup success
]]></system-out>
  </testcase>
  <testcase name="testSignupDobValidation" classname="tests.OnboardingTest" time="87.358">
    <failure message="Signup was allowed to proceed without a DOB — mandatory validation is not being enforced expected [true] but found [false]" type="java.lang.AssertionError"><![CDATA[java.lang.AssertionError: Signup was allowed to proceed without a DOB — mandatory validation is not being enforced expected [true] but found [false]
	at org.testng.Assert.fail(Assert.java:111)
	at org.testng.Assert.failNotEquals(Assert.java:1578)
	at org.testng.Assert.assertTrue(Assert.java:57)
	at tests.OnboardingTest.testSignupDobValidation(OnboardingTest.java:259)
	at java.base/jdk.internal.reflect.NativeMethodAccessorImpl.invoke0(Native Method)
	at java.base/jdk.internal.reflect.NativeMethodAccessorImpl.invoke(NativeMethodAccessorImpl.java:77)
	at java.base/jdk.internal.reflect.DelegatingMethodAccessorImpl.invoke(DelegatingMethodAccessorImpl.java:43)
	at java.base/java.lang.reflect.Method.invoke(Method.java:569)
	at org.testng.internal.invokers.MethodInvocationHelper.invokeMethod(MethodInvocationHelper.java:141)
	at org.testng.internal.invokers.TestInvoker.invokeMethod(TestInvoker.java:686)
	at org.testng.internal.invokers.TestInvoker.invokeTestMethod(TestInvoker.java:230)
	at org.testng.internal.invokers.MethodRunner.runInSequence(MethodRunner.java:63)
	at org.testng.internal.invokers.TestInvoker$MethodInvocationAgent.invoke(TestInvoker.java:992)
	at org.testng.internal.invokers.TestInvoker.invokeTestMethods(TestInvoker.java:203)
	at org.testng.internal.invokers.TestMethodWorker.invokeTestMethods(TestMethodWorker.java:154)
	at org.testng.internal.invokers.TestMethodWorker.run(TestMethodWorker.java:134)
	at java.base/java.util.ArrayList.forEach(ArrayList.java:1511)
	at org.testng.TestRunner.privateRun(TestRunner.java:739)
	at org.testng.TestRunner.run(TestRunner.java:614)
	at org.testng.SuiteRunner.runTest(SuiteRunner.java:421)
	at org.testng.SuiteRunner.runSequentially(SuiteRunner.java:413)
	at org.testng.SuiteRunner.privateRun(SuiteRunner.java:373)
	at org.testng.SuiteRunner.run(SuiteRunner.java:312)
	at org.testng.SuiteRunnerWorker.runSuite(SuiteRunnerWorker.java:52)
	at org.testng.SuiteRunnerWorker.run(SuiteRunnerWorker.java:95)
	at org.testng.TestNG.runSuitesSequentially(TestNG.java:1274)
	at org.testng.TestNG.runSuitesLocally(TestNG.java:1208)
	at org.testng.TestNG.runSuites(TestNG.java:1112)
	at org.testng.TestNG.run(TestNG.java:1079)
	at org.apache.maven.surefire.testng.TestNGExecutor.run(TestNGExecutor.java:308)
	at org.apache.maven.surefire.testng.TestNGXmlTestSuite.execute(TestNGXmlTestSuite.java:71)
	at org.apache.maven.surefire.testng.TestNGProvider.invoke(TestNGProvider.java:113)
	at org.apache.maven.surefire.booter.ForkedBooter.runSuitesInProcess(ForkedBooter.java:385)
	at org.apache.maven.surefire.booter.ForkedBooter.execute(ForkedBooter.java:162)
	at org.apache.maven.surefire.booter.ForkedBooter.run(ForkedBooter.java:507)
	at org.apache.maven.surefire.booter.ForkedBooter.main(ForkedBooter.java:495)
]]></failure>
    <system-out><![CDATA[[BaseTest] Handled initial notification permission dialog (Allow)
[OnboardingTest] STEP 1: Starting test - DOB mandatory field validation
[OnboardingTest] STEP 2: Completing onboarding via Next x4
[OnboardingPage] Next click 1 of 4
[OnboardingPage] Waiting for 'Next button' (attempt 1/3)
[OnboardingPage] Clicked Next button
[OnboardingPage] Next click 2 of 4
[OnboardingPage] Waiting for 'Next button' (attempt 1/3)
[OnboardingPage] Clicked Next button
[OnboardingPage] Next click 3 of 4
[OnboardingPage] Waiting for 'Next button' (attempt 1/3)
[OnboardingPage] Clicked Next button
[OnboardingPage] Next click 4 of 4
[OnboardingPage] Waiting for 'Next button' (attempt 1/3)
[OnboardingPage] Clicked Next button
[OnboardingPage] Waiting for 'Get Started button' (attempt 1/3)
[OnboardingPage] Clicked Get Started button
[OnboardingTest] STEP 3: Confirming DOB field is present and mandatory
[OnboardingTest] STEP 4: Filling every other mandatory field, deliberately leaving DOB empty
[SignupPage] Filled 'Full Name' with 'Muhammad Zain'
[SignupPage] Filled 'Screen Name' with 'xani2dob'
[SignupPage] Filled 'Email' with 'zain1dob@yopmail.com'
[SignupPage] Clicked 'clickGenderField'
[SignupPage] Clicked 'selectGenderMale'
[SignupPage] Filled 'Location' with 'San Francisco'
[SignupPage] Clicked 'selectLocationFromDropdown'
[SignupPage] Filled 'Phone Number' with '5169298899'
[SignupPage] Filled 'Password' with '****'
[SignupPage] Filled 'Confirm Password' with '****'
[SignupPage] Clicked 'agreeTermsCheckbox'
[OnboardingTest] STEP 5: Submitting with DOB empty and verifying the form does NOT proceed
[SignupPage] Clicked 'clickCreateAccountButton'
]]></system-out>
  </testcase>
  <testcase name="testNavigateToSignInFromSignup" classname="tests.OnboardingTest" time="50.513">
    <system-out><![CDATA[[BaseTest] Handled initial notification permission dialog (Allow)
[OnboardingTest] STEP 1: Starting test - Navigate to Sign In from Signup
[OnboardingTest] STEP 2: Completing onboarding via Skip
[OnboardingPage] Handled initial permission dialog (Allow)
[OnboardingPage] Waiting for 'Skip button' (attempt 1/3)
[OnboardingPage] Clicked Skip button
[OnboardingPage] Waiting for 'Get Started button' (attempt 1/3)
[OnboardingPage] Clicked Get Started button
[OnboardingTest] STEP 3: Clicking the Sign In link
[SignupPage] 'clickSignInLink' not visible yet, scrolling down (attempt 1/6)
[SignupPage] 'clickSignInLink' not visible yet, scrolling down (attempt 2/6)
[SignupPage] Clicked 'clickSignInLink'
[OnboardingTest] STEP 4: Verifying the Sign In screen opened
[OnboardingTest] TEST PASSED: Sign In link correctly navigates from Signup to the Sign In screen
]]></system-out>
  </testcase>
  <testcase name="testSignInWithValidCredentials[false, via Signup screen&apos;s Sign In link](1)" classname="tests.SignInTest" time="81.034">
    <failure message="Sign in did not succeed expected [true] but found [false]" type="java.lang.AssertionError"><![CDATA[java.lang.AssertionError: Sign in did not succeed expected [true] but found [false]
	at org.testng.Assert.fail(Assert.java:111)
	at org.testng.Assert.failNotEquals(Assert.java:1578)
	at org.testng.Assert.assertTrue(Assert.java:57)
	at tests.SignInTest.testSignInWithValidCredentials(SignInTest.java:97)
	at java.base/jdk.internal.reflect.NativeMethodAccessorImpl.invoke0(Native Method)
	at java.base/jdk.internal.reflect.NativeMethodAccessorImpl.invoke(NativeMethodAccessorImpl.java:77)
	at java.base/jdk.internal.reflect.DelegatingMethodAccessorImpl.invoke(DelegatingMethodAccessorImpl.java:43)
	at java.base/java.lang.reflect.Method.invoke(Method.java:569)
	at org.testng.internal.invokers.MethodInvocationHelper.invokeMethod(MethodInvocationHelper.java:141)
	at org.testng.internal.invokers.TestInvoker.invokeMethod(TestInvoker.java:686)
	at org.testng.internal.invokers.TestInvoker.invokeTestMethod(TestInvoker.java:230)
	at org.testng.internal.invokers.MethodRunner.runInSequence(MethodRunner.java:63)
	at org.testng.internal.invokers.TestInvoker$MethodInvocationAgent.invoke(TestInvoker.java:992)
	at org.testng.internal.invokers.TestInvoker.invokeTestMethods(TestInvoker.java:203)
	at org.testng.internal.invokers.TestMethodWorker.invokeTestMethods(TestMethodWorker.java:154)
	at org.testng.internal.invokers.TestMethodWorker.run(TestMethodWorker.java:134)
	at java.base/java.util.ArrayList.forEach(ArrayList.java:1511)
	at org.testng.TestRunner.privateRun(TestRunner.java:739)
	at org.testng.TestRunner.run(TestRunner.java:614)
	at org.testng.SuiteRunner.runTest(SuiteRunner.java:421)
	at org.testng.SuiteRunner.runSequentially(SuiteRunner.java:413)
	at org.testng.SuiteRunner.privateRun(SuiteRunner.java:373)
	at org.testng.SuiteRunner.run(SuiteRunner.java:312)
	at org.testng.SuiteRunnerWorker.runSuite(SuiteRunnerWorker.java:52)
	at org.testng.SuiteRunnerWorker.run(SuiteRunnerWorker.java:95)
	at org.testng.TestNG.runSuitesSequentially(TestNG.java:1274)
	at org.testng.TestNG.runSuitesLocally(TestNG.java:1208)
	at org.testng.TestNG.runSuites(TestNG.java:1112)
	at org.testng.TestNG.run(TestNG.java:1079)
	at org.apache.maven.surefire.testng.TestNGExecutor.run(TestNGExecutor.java:308)
	at org.apache.maven.surefire.testng.TestNGXmlTestSuite.execute(TestNGXmlTestSuite.java:71)
	at org.apache.maven.surefire.testng.TestNGProvider.invoke(TestNGProvider.java:113)
	at org.apache.maven.surefire.booter.ForkedBooter.runSuitesInProcess(ForkedBooter.java:385)
	at org.apache.maven.surefire.booter.ForkedBooter.execute(ForkedBooter.java:162)
	at org.apache.maven.surefire.booter.ForkedBooter.run(ForkedBooter.java:507)
	at org.apache.maven.surefire.booter.ForkedBooter.main(ForkedBooter.java:495)
]]></failure>
    <system-out><![CDATA[[BaseTest] Handled initial notification permission dialog (Allow)
[SignInTest] STEP 1: Starting test - Sign in with valid credentials (via Signup screen's Sign In link)
[SignInTest] Navigating: onboarding -> Get Started -> Signup -> Sign In link
[OnboardingPage] Waiting for 'Skip button' (attempt 1/3)
[OnboardingPage] Clicked Skip button
[OnboardingPage] Waiting for 'Get Started button' (attempt 1/3)
[OnboardingPage] Clicked Get Started button
[SignupPage] 'clickSignInLink' not visible yet, scrolling down (attempt 1/6)
[SignupPage] 'clickSignInLink' not visible yet, scrolling down (attempt 2/6)
[SignupPage] Clicked 'clickSignInLink'
[SignInTest] STEP 2: Entering email and password
[SignInPage] Filled 'Email' with 'irfanrehan635+1@gmail.com'
[SignInPage] Filled 'Password' with '****'
[SignInTest] STEP 3: Clicking Sign In
[SignInPage] Clicked 'clickSignInButton'
[SignInTest] STEP 4: Verifying successful login/navigation
]]></system-out>
  </testcase>
  <testcase name="testSignInWithValidCredentials[true, via Welcome screen&apos;s Sign In button](2)" classname="tests.SignInTest" time="53.147">
    <failure message="Sign in did not succeed expected [true] but found [false]" type="java.lang.AssertionError"><![CDATA[java.lang.AssertionError: Sign in did not succeed expected [true] but found [false]
	at org.testng.Assert.fail(Assert.java:111)
	at org.testng.Assert.failNotEquals(Assert.java:1578)
	at org.testng.Assert.assertTrue(Assert.java:57)
	at tests.SignInTest.testSignInWithValidCredentials(SignInTest.java:97)
	at java.base/jdk.internal.reflect.NativeMethodAccessorImpl.invoke0(Native Method)
	at java.base/jdk.internal.reflect.NativeMethodAccessorImpl.invoke(NativeMethodAccessorImpl.java:77)
	at java.base/jdk.internal.reflect.DelegatingMethodAccessorImpl.invoke(DelegatingMethodAccessorImpl.java:43)
	at java.base/java.lang.reflect.Method.invoke(Method.java:569)
	at org.testng.internal.invokers.MethodInvocationHelper.invokeMethod(MethodInvocationHelper.java:141)
	at org.testng.internal.invokers.TestInvoker.invokeMethod(TestInvoker.java:686)
	at org.testng.internal.invokers.TestInvoker.invokeTestMethod(TestInvoker.java:230)
	at org.testng.internal.invokers.MethodRunner.runInSequence(MethodRunner.java:63)
	at org.testng.internal.invokers.TestInvoker$MethodInvocationAgent.invoke(TestInvoker.java:992)
	at org.testng.internal.invokers.TestInvoker.invokeTestMethods(TestInvoker.java:203)
	at org.testng.internal.invokers.TestMethodWorker.invokeTestMethods(TestMethodWorker.java:154)
	at org.testng.internal.invokers.TestMethodWorker.run(TestMethodWorker.java:134)
	at java.base/java.util.ArrayList.forEach(ArrayList.java:1511)
	at org.testng.TestRunner.privateRun(TestRunner.java:739)
	at org.testng.TestRunner.run(TestRunner.java:614)
	at org.testng.SuiteRunner.runTest(SuiteRunner.java:421)
	at org.testng.SuiteRunner.runSequentially(SuiteRunner.java:413)
	at org.testng.SuiteRunner.privateRun(SuiteRunner.java:373)
	at org.testng.SuiteRunner.run(SuiteRunner.java:312)
	at org.testng.SuiteRunnerWorker.runSuite(SuiteRunnerWorker.java:52)
	at org.testng.SuiteRunnerWorker.run(SuiteRunnerWorker.java:95)
	at org.testng.TestNG.runSuitesSequentially(TestNG.java:1274)
	at org.testng.TestNG.runSuitesLocally(TestNG.java:1208)
	at org.testng.TestNG.runSuites(TestNG.java:1112)
	at org.testng.TestNG.run(TestNG.java:1079)
	at org.apache.maven.surefire.testng.TestNGExecutor.run(TestNGExecutor.java:308)
	at org.apache.maven.surefire.testng.TestNGXmlTestSuite.execute(TestNGXmlTestSuite.java:71)
	at org.apache.maven.surefire.testng.TestNGProvider.invoke(TestNGProvider.java:113)
	at org.apache.maven.surefire.booter.ForkedBooter.runSuitesInProcess(ForkedBooter.java:385)
	at org.apache.maven.surefire.booter.ForkedBooter.execute(ForkedBooter.java:162)
	at org.apache.maven.surefire.booter.ForkedBooter.run(ForkedBooter.java:507)
	at org.apache.maven.surefire.booter.ForkedBooter.main(ForkedBooter.java:495)
]]></failure>
    <system-out><![CDATA[[BaseTest] Handled initial notification permission dialog (Allow)
[SignInTest] STEP 1: Starting test - Sign in with valid credentials (via Welcome screen's Sign In button)
[SignInTest] Navigating: onboarding -> Sign In (direct from the Welcome screen)
[OnboardingPage] Handled initial permission dialog (Allow)
[OnboardingPage] Next click 1 of 4
[OnboardingPage] Waiting for 'Next button' (attempt 1/3)
[OnboardingPage] Clicked Next button
[OnboardingPage] Next click 2 of 4
[OnboardingPage] Waiting for 'Next button' (attempt 1/3)
[OnboardingPage] Clicked Next button
[OnboardingPage] Next click 3 of 4
[OnboardingPage] Waiting for 'Next button' (attempt 1/3)
[OnboardingPage] Clicked Next button
[OnboardingPage] Next click 4 of 4
[OnboardingPage] Waiting for 'Next button' (attempt 1/3)
[OnboardingPage] Clicked Next button
[OnboardingPage] Waiting for 'Sign In button (Welcome screen)' (attempt 1/3)
[OnboardingPage] Clicked Sign In button (Welcome screen)
[SignInTest] STEP 2: Entering email and password
[SignInPage] Filled 'Email' with 'irfanrehan635+1@gmail.com'
[SignInPage] Filled 'Password' with '****'
[SignInTest] STEP 3: Clicking Sign In
[SignInPage] Clicked 'clickSignInButton'
[SignInTest] STEP 4: Verifying successful login/navigation
]]></system-out>
  </testcase>
  <testcase name="testPasswordShowHideToggle" classname="tests.SignInTest" time="39.321">
    <failure message="Failed to click Sign In link on the signup screen expected [true] but found [false]" type="java.lang.AssertionError"><![CDATA[java.lang.AssertionError: Failed to click Sign In link on the signup screen expected [true] but found [false]
	at org.testng.Assert.fail(Assert.java:111)
	at org.testng.Assert.failNotEquals(Assert.java:1578)
	at org.testng.Assert.assertTrue(Assert.java:57)
	at tests.SignInTest.navigateToSignInScreen(SignInTest.java:59)
	at tests.SignInTest.navigateToSignInScreen(SignInTest.java:38)
	at tests.SignInTest.testPasswordShowHideToggle(SignInTest.java:104)
	at java.base/jdk.internal.reflect.NativeMethodAccessorImpl.invoke0(Native Method)
	at java.base/jdk.internal.reflect.NativeMethodAccessorImpl.invoke(NativeMethodAccessorImpl.java:77)
	at java.base/jdk.internal.reflect.DelegatingMethodAccessorImpl.invoke(DelegatingMethodAccessorImpl.java:43)
	at java.base/java.lang.reflect.Method.invoke(Method.java:569)
	at org.testng.internal.invokers.MethodInvocationHelper.invokeMethod(MethodInvocationHelper.java:141)
	at org.testng.internal.invokers.TestInvoker.invokeMethod(TestInvoker.java:686)
	at org.testng.internal.invokers.TestInvoker.invokeTestMethod(TestInvoker.java:230)
	at org.testng.internal.invokers.MethodRunner.runInSequence(MethodRunner.java:63)
	at org.testng.internal.invokers.TestInvoker$MethodInvocationAgent.invoke(TestInvoker.java:992)
	at org.testng.internal.invokers.TestInvoker.invokeTestMethods(TestInvoker.java:203)
	at org.testng.internal.invokers.TestMethodWorker.invokeTestMethods(TestMethodWorker.java:154)
	at org.testng.internal.invokers.TestMethodWorker.run(TestMethodWorker.java:134)
	at java.base/java.util.ArrayList.forEach(ArrayList.java:1511)
	at org.testng.TestRunner.privateRun(TestRunner.java:739)
	at org.testng.TestRunner.run(TestRunner.java:614)
	at org.testng.SuiteRunner.runTest(SuiteRunner.java:421)
	at org.testng.SuiteRunner.runSequentially(SuiteRunner.java:413)
	at org.testng.SuiteRunner.privateRun(SuiteRunner.java:373)
	at org.testng.SuiteRunner.run(SuiteRunner.java:312)
	at org.testng.SuiteRunnerWorker.runSuite(SuiteRunnerWorker.java:52)
	at org.testng.SuiteRunnerWorker.run(SuiteRunnerWorker.java:95)
	at org.testng.TestNG.runSuitesSequentially(TestNG.java:1274)
	at org.testng.TestNG.runSuitesLocally(TestNG.java:1208)
	at org.testng.TestNG.runSuites(TestNG.java:1112)
	at org.testng.TestNG.run(TestNG.java:1079)
	at org.apache.maven.surefire.testng.TestNGExecutor.run(TestNGExecutor.java:308)
	at org.apache.maven.surefire.testng.TestNGXmlTestSuite.execute(TestNGXmlTestSuite.java:71)
	at org.apache.maven.surefire.testng.TestNGProvider.invoke(TestNGProvider.java:113)
	at org.apache.maven.surefire.booter.ForkedBooter.runSuitesInProcess(ForkedBooter.java:385)
	at org.apache.maven.surefire.booter.ForkedBooter.execute(ForkedBooter.java:162)
	at org.apache.maven.surefire.booter.ForkedBooter.run(ForkedBooter.java:507)
	at org.apache.maven.surefire.booter.ForkedBooter.main(ForkedBooter.java:495)
]]></failure>
    <system-out><![CDATA[[BaseTest] Handled initial notification permission dialog (Allow)
[SignInTest] STEP 1: Starting test - Password show/hide toggle
[SignInTest] Navigating: onboarding -> Get Started -> Signup -> Sign In link
[OnboardingPage] Handled initial permission dialog (Allow)
[OnboardingPage] Waiting for 'Skip button' (attempt 1/3)
[OnboardingPage] Clicked Skip button
[OnboardingPage] Waiting for 'Get Started button' (attempt 1/3)
[OnboardingPage] Clicked Get Started button
[SignupPage] 'clickSignInLink' not visible yet, scrolling down (attempt 1/6)
[SignupPage] 'clickSignInLink' not visible yet, scrolling down (attempt 2/6)
[SignupPage] scrollDown failed: 'POST /appium/gestures/scroll' cannot be proxied to UiAutomator2 server because the instrumentation process is not running (probably crashed). Check the server log and/or the logcat output for more details
Build info: version: '4.21.0', revision: '79ed462ef4'
System info: os.name: 'Linux', os.arch: 'amd64', os.version: '5.15.0-139-generic', java.version: '17.0.15'
Driver info: io.appium.java_client.android.AndroidDriver
Command: [1985a02a-43a9-4c26-8310-415a39c54484, executeScript {script=mobile: scrollGesture, args=[{width=620, top=400, left=50, percent=0.8, height=900, direction=down}]}]
Capabilities {appium:appActivity: com.knackcity.MainActivity, appium:appPackage: com.knackcity, appium:autoGrantPermissions: true, appium:automationName: UiAutomator2, appium:databaseEnabled: false, appium:desired: {appActivity: com.knackcity.MainActivity, appPackage: com.knackcity, autoGrantPermissions: true, automationName: UiAutomator2, deviceName: R8VXA01R73Y, newCommandTimeout: 120, noReset: true, platformName: ANDROID, udid: R8VXA01R73Y, waitForIdleTimeout: 0}, appium:deviceApiLevel: 35, appium:deviceManufacturer: samsung, appium:deviceModel: SM-A065F, appium:deviceName: R8VXA01R73Y, appium:deviceScreenDensity: 300, appium:deviceScreenSize: 720x1600, appium:deviceUDID: R8VXA01R73Y, appium:javascriptEnabled: true, appium:locationContextEnabled: false, appium:networkConnectionEnabled: true, appium:newCommandTimeout: 120, appium:noReset: true, appium:pixelRatio: 1.875, appium:platformVersion: 15, appium:statBarHeight: 43, appium:takesScreenshot: true, appium:udid: R8VXA01R73Y, appium:viewportRect: {height: 1557, left: 0, top: 43, width: 720}, appium:waitForIdleTimeout: 0, appium:warnings: {}, appium:webStorageEnabled: false, platformName: ANDROID}
Session ID: 1985a02a-43a9-4c26-8310-415a39c54484
[SignupPage] 'clickSignInLink' not visible yet, scrolling down (attempt 3/6)
[SignupPage] scrollDown failed: 'POST /appium/gestures/scroll' cannot be proxied to UiAutomator2 server because the instrumentation process is not running (probably crashed). Check the server log and/or the logcat output for more details
Build info: version: '4.21.0', revision: '79ed462ef4'
System info: os.name: 'Linux', os.arch: 'amd64', os.version: '5.15.0-139-generic', java.version: '17.0.15'
Driver info: io.appium.java_client.android.AndroidDriver
Command: [1985a02a-43a9-4c26-8310-415a39c54484, executeScript {script=mobile: scrollGesture, args=[{width=620, top=400, left=50, percent=0.8, height=900, direction=down}]}]
Capabilities {appium:appActivity: com.knackcity.MainActivity, appium:appPackage: com.knackcity, appium:autoGrantPermissions: true, appium:automationName: UiAutomator2, appium:databaseEnabled: false, appium:desired: {appActivity: com.knackcity.MainActivity, appPackage: com.knackcity, autoGrantPermissions: true, automationName: UiAutomator2, deviceName: R8VXA01R73Y, newCommandTimeout: 120, noReset: true, platformName: ANDROID, udid: R8VXA01R73Y, waitForIdleTimeout: 0}, appium:deviceApiLevel: 35, appium:deviceManufacturer: samsung, appium:deviceModel: SM-A065F, appium:deviceName: R8VXA01R73Y, appium:deviceScreenDensity: 300, appium:deviceScreenSize: 720x1600, appium:deviceUDID: R8VXA01R73Y, appium:javascriptEnabled: true, appium:locationContextEnabled: false, appium:networkConnectionEnabled: true, appium:newCommandTimeout: 120, appium:noReset: true, appium:pixelRatio: 1.875, appium:platformVersion: 15, appium:statBarHeight: 43, appium:takesScreenshot: true, appium:udid: R8VXA01R73Y, appium:viewportRect: {height: 1557, left: 0, top: 43, width: 720}, appium:waitForIdleTimeout: 0, appium:warnings: {}, appium:webStorageEnabled: false, platformName: ANDROID}
Session ID: 1985a02a-43a9-4c26-8310-415a39c54484
[SignupPage] 'clickSignInLink' not visible yet, scrolling down (attempt 4/6)
[SignupPage] scrollDown failed: 'POST /appium/gestures/scroll' cannot be proxied to UiAutomator2 server because the instrumentation process is not running (probably crashed). Check the server log and/or the logcat output for more details
Build info: version: '4.21.0', revision: '79ed462ef4'
System info: os.name: 'Linux', os.arch: 'amd64', os.version: '5.15.0-139-generic', java.version: '17.0.15'
Driver info: io.appium.java_client.android.AndroidDriver
Command: [1985a02a-43a9-4c26-8310-415a39c54484, executeScript {script=mobile: scrollGesture, args=[{width=620, top=400, left=50, percent=0.8, height=900, direction=down}]}]
Capabilities {appium:appActivity: com.knackcity.MainActivity, appium:appPackage: com.knackcity, appium:autoGrantPermissions: true, appium:automationName: UiAutomator2, appium:databaseEnabled: false, appium:desired: {appActivity: com.knackcity.MainActivity, appPackage: com.knackcity, autoGrantPermissions: true, automationName: UiAutomator2, deviceName: R8VXA01R73Y, newCommandTimeout: 120, noReset: true, platformName: ANDROID, udid: R8VXA01R73Y, waitForIdleTimeout: 0}, appium:deviceApiLevel: 35, appium:deviceManufacturer: samsung, appium:deviceModel: SM-A065F, appium:deviceName: R8VXA01R73Y, appium:deviceScreenDensity: 300, appium:deviceScreenSize: 720x1600, appium:deviceUDID: R8VXA01R73Y, appium:javascriptEnabled: true, appium:locationContextEnabled: false, appium:networkConnectionEnabled: true, appium:newCommandTimeout: 120, appium:noReset: true, appium:pixelRatio: 1.875, appium:platformVersion: 15, appium:statBarHeight: 43, appium:takesScreenshot: true, appium:udid: R8VXA01R73Y, appium:viewportRect: {height: 1557, left: 0, top: 43, width: 720}, appium:waitForIdleTimeout: 0, appium:warnings: {}, appium:webStorageEnabled: false, platformName: ANDROID}
Session ID: 1985a02a-43a9-4c26-8310-415a39c54484
[SignupPage] 'clickSignInLink' not visible yet, scrolling down (attempt 5/6)
[SignupPage] scrollDown failed: 'POST /appium/gestures/scroll' cannot be proxied to UiAutomator2 server because the instrumentation process is not running (probably crashed). Check the server log and/or the logcat output for more details
Build info: version: '4.21.0', revision: '79ed462ef4'
System info: os.name: 'Linux', os.arch: 'amd64', os.version: '5.15.0-139-generic', java.version: '17.0.15'
Driver info: io.appium.java_client.android.AndroidDriver
Command: [1985a02a-43a9-4c26-8310-415a39c54484, executeScript {script=mobile: scrollGesture, args=[{width=620, top=400, left=50, percent=0.8, height=900, direction=down}]}]
Capabilities {appium:appActivity: com.knackcity.MainActivity, appium:appPackage: com.knackcity, appium:autoGrantPermissions: true, appium:automationName: UiAutomator2, appium:databaseEnabled: false, appium:desired: {appActivity: com.knackcity.MainActivity, appPackage: com.knackcity, autoGrantPermissions: true, automationName: UiAutomator2, deviceName: R8VXA01R73Y, newCommandTimeout: 120, noReset: true, platformName: ANDROID, udid: R8VXA01R73Y, waitForIdleTimeout: 0}, appium:deviceApiLevel: 35, appium:deviceManufacturer: samsung, appium:deviceModel: SM-A065F, appium:deviceName: R8VXA01R73Y, appium:deviceScreenDensity: 300, appium:deviceScreenSize: 720x1600, appium:deviceUDID: R8VXA01R73Y, appium:javascriptEnabled: true, appium:locationContextEnabled: false, appium:networkConnectionEnabled: true, appium:newCommandTimeout: 120, appium:noReset: true, appium:pixelRatio: 1.875, appium:platformVersion: 15, appium:statBarHeight: 43, appium:takesScreenshot: true, appium:udid: R8VXA01R73Y, appium:viewportRect: {height: 1557, left: 0, top: 43, width: 720}, appium:waitForIdleTimeout: 0, appium:warnings: {}, appium:webStorageEnabled: false, platformName: ANDROID}
Session ID: 1985a02a-43a9-4c26-8310-415a39c54484
[SignupPage] 'clickSignInLink' failed: 'POST /element' cannot be proxied to UiAutomator2 server because the instrumentation process is not running (probably crashed). Check the server log and/or the logcat output for more details
Build info: version: '4.21.0', revision: '79ed462ef4'
System info: os.name: 'Linux', os.arch: 'amd64', os.version: '5.15.0-139-generic', java.version: '17.0.15'
Driver info: io.appium.java_client.android.AndroidDriver
Command: [1985a02a-43a9-4c26-8310-415a39c54484, findElement {value=//android.view.ViewGroup[@content-desc="Sign In"], using=xpath}]
Capabilities {appium:appActivity: com.knackcity.MainActivity, appium:appPackage: com.knackcity, appium:autoGrantPermissions: true, appium:automationName: UiAutomator2, appium:databaseEnabled: false, appium:desired: {appActivity: com.knackcity.MainActivity, appPackage: com.knackcity, autoGrantPermissions: true, automationName: UiAutomator2, deviceName: R8VXA01R73Y, newCommandTimeout: 120, noReset: true, platformName: ANDROID, udid: R8VXA01R73Y, waitForIdleTimeout: 0}, appium:deviceApiLevel: 35, appium:deviceManufacturer: samsung, appium:deviceModel: SM-A065F, appium:deviceName: R8VXA01R73Y, appium:deviceScreenDensity: 300, appium:deviceScreenSize: 720x1600, appium:deviceUDID: R8VXA01R73Y, appium:javascriptEnabled: true, appium:locationContextEnabled: false, appium:networkConnectionEnabled: true, appium:newCommandTimeout: 120, appium:noReset: true, appium:pixelRatio: 1.875, appium:platformVersion: 15, appium:statBarHeight: 43, appium:takesScreenshot: true, appium:udid: R8VXA01R73Y, appium:viewportRect: {height: 1557, left: 0, top: 43, width: 720}, appium:waitForIdleTimeout: 0, appium:warnings: {}, appium:webStorageEnabled: false, platformName: ANDROID}
Session ID: 1985a02a-43a9-4c26-8310-415a39c54484
]]></system-out>
  </testcase>
  <testcase name="testForgotPasswordNavigation" classname="tests.SignInTest" time="112.842">
    <failure message="Sign in did not succeed after returning from Forgot Password expected [true] but found [false]" type="java.lang.AssertionError"><![CDATA[java.lang.AssertionError: Sign in did not succeed after returning from Forgot Password expected [true] but found [false]
	at org.testng.Assert.fail(Assert.java:111)
	at org.testng.Assert.failNotEquals(Assert.java:1578)
	at org.testng.Assert.assertTrue(Assert.java:57)
	at tests.SignInTest.testForgotPasswordNavigation(SignInTest.java:152)
	at java.base/jdk.internal.reflect.NativeMethodAccessorImpl.invoke0(Native Method)
	at java.base/jdk.internal.reflect.NativeMethodAccessorImpl.invoke(NativeMethodAccessorImpl.java:77)
	at java.base/jdk.internal.reflect.DelegatingMethodAccessorImpl.invoke(DelegatingMethodAccessorImpl.java:43)
	at java.base/java.lang.reflect.Method.invoke(Method.java:569)
	at org.testng.internal.invokers.MethodInvocationHelper.invokeMethod(MethodInvocationHelper.java:141)
	at org.testng.internal.invokers.TestInvoker.invokeMethod(TestInvoker.java:686)
	at org.testng.internal.invokers.TestInvoker.invokeTestMethod(TestInvoker.java:230)
	at org.testng.internal.invokers.MethodRunner.runInSequence(MethodRunner.java:63)
	at org.testng.internal.invokers.TestInvoker$MethodInvocationAgent.invoke(TestInvoker.java:992)
	at org.testng.internal.invokers.TestInvoker.invokeTestMethods(TestInvoker.java:203)
	at org.testng.internal.invokers.TestMethodWorker.invokeTestMethods(TestMethodWorker.java:154)
	at org.testng.internal.invokers.TestMethodWorker.run(TestMethodWorker.java:134)
	at java.base/java.util.ArrayList.forEach(ArrayList.java:1511)
	at org.testng.TestRunner.privateRun(TestRunner.java:739)
	at org.testng.TestRunner.run(TestRunner.java:614)
	at org.testng.SuiteRunner.runTest(SuiteRunner.java:421)
	at org.testng.SuiteRunner.runSequentially(SuiteRunner.java:413)
	at org.testng.SuiteRunner.privateRun(SuiteRunner.java:373)
	at org.testng.SuiteRunner.run(SuiteRunner.java:312)
	at org.testng.SuiteRunnerWorker.runSuite(SuiteRunnerWorker.java:52)
	at org.testng.SuiteRunnerWorker.run(SuiteRunnerWorker.java:95)
	at org.testng.TestNG.runSuitesSequentially(TestNG.java:1274)
	at org.testng.TestNG.runSuitesLocally(TestNG.java:1208)
	at org.testng.TestNG.runSuites(TestNG.java:1112)
	at org.testng.TestNG.run(TestNG.java:1079)
	at org.apache.maven.surefire.testng.TestNGExecutor.run(TestNGExecutor.java:308)
	at org.apache.maven.surefire.testng.TestNGXmlTestSuite.execute(TestNGXmlTestSuite.java:71)
	at org.apache.maven.surefire.testng.TestNGProvider.invoke(TestNGProvider.java:113)
	at org.apache.maven.surefire.booter.ForkedBooter.runSuitesInProcess(ForkedBooter.java:385)
	at org.apache.maven.surefire.booter.ForkedBooter.execute(ForkedBooter.java:162)
	at org.apache.maven.surefire.booter.ForkedBooter.run(ForkedBooter.java:507)
	at org.apache.maven.surefire.booter.ForkedBooter.main(ForkedBooter.java:495)
]]></failure>
    <system-out><![CDATA[[BaseTest] Handled initial notification permission dialog (Allow)
[SignInTest] STEP 1: Starting test - Forgot Password navigation
[SignInTest] Navigating: onboarding -> Get Started -> Signup -> Sign In link
[OnboardingPage] Waiting for 'Skip button' (attempt 1/3)
[OnboardingPage] Clicked Skip button
[OnboardingPage] Waiting for 'Get Started button' (attempt 1/3)
[OnboardingPage] Clicked Get Started button
[SignupPage] 'clickSignInLink' not visible yet, scrolling down (attempt 1/6)
[SignupPage] 'clickSignInLink' not visible yet, scrolling down (attempt 2/6)
[SignupPage] 'clickSignInLink' not visible yet, scrolling down (attempt 3/6)
[SignupPage] Clicked 'clickSignInLink'
[SignInTest] STEP 2: Clicking Forgot Password?
[SignInPage] Clicked 'clickForgotPassword'
[SignInTest] STEP 3: Verifying navigation occurred (left the Sign In screen)
[SignInTest] STEP 4: Clicking the back button on the Forgot Password screen
[SignInPage] Clicked 'clickForgotPasswordBackButton'
[SignInTest] STEP 5: Verifying return to the Sign In screen
[SignInTest] STEP 6: Verifying the Sign In flow still works correctly after returning
[SignInPage] Filled 'Email' with 'irfanrehan635+1@gmail.com'
[SignInPage] Filled 'Password' with '****'
[SignInPage] Clicked 'clickSignInButton'
]]></system-out>
  </testcase>
  <testcase name="testSignInWithGoogleFromWelcomeScreen" classname="tests.SignInTest" time="53.393">
    <failure message="Sign in with Google was not successful expected [true] but found [false]" type="java.lang.AssertionError"><![CDATA[java.lang.AssertionError: Sign in with Google was not successful expected [true] but found [false]
	at org.testng.Assert.fail(Assert.java:111)
	at org.testng.Assert.failNotEquals(Assert.java:1578)
	at org.testng.Assert.assertTrue(Assert.java:57)
	at tests.SignInTest.testSignInWithGoogleFromWelcomeScreen(SignInTest.java:170)
	at java.base/jdk.internal.reflect.NativeMethodAccessorImpl.invoke0(Native Method)
	at java.base/jdk.internal.reflect.NativeMethodAccessorImpl.invoke(NativeMethodAccessorImpl.java:77)
	at java.base/jdk.internal.reflect.DelegatingMethodAccessorImpl.invoke(DelegatingMethodAccessorImpl.java:43)
	at java.base/java.lang.reflect.Method.invoke(Method.java:569)
	at org.testng.internal.invokers.MethodInvocationHelper.invokeMethod(MethodInvocationHelper.java:141)
	at org.testng.internal.invokers.TestInvoker.invokeMethod(TestInvoker.java:686)
	at org.testng.internal.invokers.TestInvoker.invokeTestMethod(TestInvoker.java:230)
	at org.testng.internal.invokers.MethodRunner.runInSequence(MethodRunner.java:63)
	at org.testng.internal.invokers.TestInvoker$MethodInvocationAgent.invoke(TestInvoker.java:992)
	at org.testng.internal.invokers.TestInvoker.invokeTestMethods(TestInvoker.java:203)
	at org.testng.internal.invokers.TestMethodWorker.invokeTestMethods(TestMethodWorker.java:154)
	at org.testng.internal.invokers.TestMethodWorker.run(TestMethodWorker.java:134)
	at java.base/java.util.ArrayList.forEach(ArrayList.java:1511)
	at org.testng.TestRunner.privateRun(TestRunner.java:739)
	at org.testng.TestRunner.run(TestRunner.java:614)
	at org.testng.SuiteRunner.runTest(SuiteRunner.java:421)
	at org.testng.SuiteRunner.runSequentially(SuiteRunner.java:413)
	at org.testng.SuiteRunner.privateRun(SuiteRunner.java:373)
	at org.testng.SuiteRunner.run(SuiteRunner.java:312)
	at org.testng.SuiteRunnerWorker.runSuite(SuiteRunnerWorker.java:52)
	at org.testng.SuiteRunnerWorker.run(SuiteRunnerWorker.java:95)
	at org.testng.TestNG.runSuitesSequentially(TestNG.java:1274)
	at org.testng.TestNG.runSuitesLocally(TestNG.java:1208)
	at org.testng.TestNG.runSuites(TestNG.java:1112)
	at org.testng.TestNG.run(TestNG.java:1079)
	at org.apache.maven.surefire.testng.TestNGExecutor.run(TestNGExecutor.java:308)
	at org.apache.maven.surefire.testng.TestNGXmlTestSuite.execute(TestNGXmlTestSuite.java:71)
	at org.apache.maven.surefire.testng.TestNGProvider.invoke(TestNGProvider.java:113)
	at org.apache.maven.surefire.booter.ForkedBooter.runSuitesInProcess(ForkedBooter.java:385)
	at org.apache.maven.surefire.booter.ForkedBooter.execute(ForkedBooter.java:162)
	at org.apache.maven.surefire.booter.ForkedBooter.run(ForkedBooter.java:507)
	at org.apache.maven.surefire.booter.ForkedBooter.main(ForkedBooter.java:495)
]]></failure>
    <system-out><![CDATA[[BaseTest] Handled initial notification permission dialog (Allow)
[SignInTest] STEP 1: Starting test - Sign in with Google, reached directly from the Welcome screen
[SignInTest] Navigating: onboarding -> Sign In (direct from the Welcome screen)
[OnboardingPage] Next click 1 of 4
[OnboardingPage] Waiting for 'Next button' (attempt 1/3)
[OnboardingPage] Clicked Next button
[OnboardingPage] Next click 2 of 4
[OnboardingPage] Waiting for 'Next button' (attempt 1/3)
[OnboardingPage] Clicked Next button
[OnboardingPage] Next click 3 of 4
[OnboardingPage] Waiting for 'Next button' (attempt 1/3)
[OnboardingPage] Clicked Next button
[OnboardingPage] Next click 4 of 4
[OnboardingPage] Waiting for 'Next button' (attempt 1/3)
[OnboardingPage] Clicked Next button
[OnboardingPage] Waiting for 'Sign In button (Welcome screen)' (attempt 1/3)
[OnboardingPage] Clicked Sign In button (Welcome screen)
[SignInTest] STEP 2: Clicking Continue with Google
[SignInPage] Clicked 'clickContinueWithGoogle'
[SignInTest] STEP 3: Selecting the first Google account
[SignInPage] Clicked 'selectFirstGoogleAccount'
[SignInTest] STEP 4: Verifying successful sign-in
]]></system-out>
  </testcase>
</testsuite>