<?xml version="1.0" encoding="UTF-8"?>
<testsuite xmlns:xsi="http://www.w3.org/2001/XMLSchema-instance" xsi:noNamespaceSchemaLocation="https://maven.apache.org/surefire/maven-surefire-plugin/xsd/surefire-test-report-3.0.xsd" version="3.0" name="tests.OnboardingTest" time="173.29" tests="1" errors="0" skipped="0" failures="1">
  <properties>
[...]
</properties>
  <testcase name="testSignupWithEmailAndPassword" classname="tests.OnboardingTest" time="162.257">
    <failure message="Signup was not successful expected [true] but found [false]" type="java.lang.AssertionError"><![CDATA[java.lang.AssertionError: Signup was not successful expected [true] but found [false]
	at org.testng.Assert.fail(Assert.java:111)
	at org.testng.Assert.failNotEquals(Assert.java:1578)
	at org.testng.Assert.assertTrue(Assert.java:57)
	at tests.OnboardingTest.testSignupWithEmailAndPassword(OnboardingTest.java:133)
	at java.base/jdk.internal.reflect.NativeMethodAccessorImpl.invoke0(Native Method)
	at java.base/jdk.internal.reflect.NativeMethodAccessorImpl.invoke(NativeMethodAccessorImpl.java:77)
	at java.base/jdk.internal.reflect.DelegatingMethodAccessorImpl.invoke(DelegatingMethodAccessorImpl.java:43)
	at java.base/java.lang.reflect.Method.invoke(Method.java:569)
	at org.testng.internal.invokers.MethodInvocationHelper.invokeMethod(MethodInvocationHelper.java:141)
	at org.testng.internal.invokers.TestInvoker.invokeMethod(TestInvoker.java:686)
	at org.testng.internal.invokers.TestInvoker.invokeTestMethod(TestInvoker.java:230)
	at org.testng.internal.invokers.MethodRunner.runInSequence(MethodRunner.java:63)
	at org.testng.internal.invokers.TestInvoker$MethodInvocationAgent.invoke(TestInvoker.java:992)
	at org.testng.internal.invokers.TestInvoker.invokeTestMethods(TestInvoker.java:203)
	at org.testng.internal.invokers.TestMethodWorker.invokeTestMethods(TestMethodWorker.java:154)
	at org.testng.internal.invokers.TestMethodWorker.run(TestMethodWorker.java:134)
	at java.base/java.util.ArrayList.forEach(ArrayList.java:1511)
	at org.testng.TestRunner.privateRun(TestRunner.java:739)
	at org.testng.TestRunner.run(TestRunner.java:614)
	at org.testng.SuiteRunner.runTest(SuiteRunner.java:421)
	at org.testng.SuiteRunner.runSequentially(SuiteRunner.java:413)
	at org.testng.SuiteRunner.privateRun(SuiteRunner.java:373)
	at org.testng.SuiteRunner.run(SuiteRunner.java:312)
	at org.testng.SuiteRunnerWorker.runSuite(SuiteRunnerWorker.java:52)
	at org.testng.SuiteRunnerWorker.run(SuiteRunnerWorker.java:95)
	at org.testng.TestNG.runSuitesSequentially(TestNG.java:1274)
	at org.testng.TestNG.runSuitesLocally(TestNG.java:1208)
	at org.testng.TestNG.runSuites(TestNG.java:1112)
	at org.testng.TestNG.run(TestNG.java:1079)
	at org.apache.maven.surefire.testng.TestNGExecutor.run(TestNGExecutor.java:155)
	at org.apache.maven.surefire.testng.TestNGDirectoryTestSuite.executeSingleClass(TestNGDirectoryTestSuite.java:102)
	at org.apache.maven.surefire.testng.TestNGDirectoryTestSuite.execute(TestNGDirectoryTestSuite.java:91)
	at org.apache.maven.surefire.testng.TestNGProvider.invoke(TestNGProvider.java:137)
	at org.apache.maven.surefire.booter.ForkedBooter.runSuitesInProcess(ForkedBooter.java:385)
	at org.apache.maven.surefire.booter.ForkedBooter.execute(ForkedBooter.java:162)
	at org.apache.maven.surefire.booter.ForkedBooter.run(ForkedBooter.java:507)
	at org.apache.maven.surefire.booter.ForkedBooter.main(ForkedBooter.java:495)
]]></failure>
    <system-out><![CDATA[[BaseTest] Handled initial notification permission dialog (Allow)
[OnboardingTest] STEP 1: Starting test - Signup with email and password
[OnboardingTest] STEP 2: Completing onboarding via Next x4
[OnboardingPage] Next click 1 of 4
[OnboardingPage] Waiting for 'Next button' (attempt 1/3)
[OnboardingPage] Clicked Next button
[OnboardingPage] Next click 2 of 4
[OnboardingPage] Waiting for 'Next button' (attempt 1/3)
[OnboardingPage] Clicked Next button
[OnboardingPage] Next click 3 of 4
[OnboardingPage] Waiting for 'Next button' (attempt 1/3)
[OnboardingPage] Clicked Next button
[OnboardingPage] Next click 4 of 4
[OnboardingPage] Waiting for 'Next button' (attempt 1/3)
[OnboardingPage] Clicked Next button
[OnboardingPage] Waiting for 'Get Started button' (attempt 1/3)
[OnboardingPage] Clicked Get Started button
[OnboardingTest] STEP 3: Uploading profile image (optional)
[SignupPage] Clicked 'clickUploadImageButton'
[SignupPage] Clicked 'clickChooseFromGallery'
[SignupPage] Handled permission popup via locator: By.id: com.android.permissioncontroller:id/permission_allow_all_button
[SignupPage] Clicked 'selectFirstPhotoFromPicker'
[SignupPage] Clicked 'confirmPhotoSelection'
[OnboardingTest] Profile image upload succeeded
[OnboardingTest] STEP 4: Filling basic profile fields (full name, screen name, email, DOB, gender, bio)
[SignupPage] Filled 'Full Name' with 'Uzair Iqbal'
[SignupPage] Filled 'Screen Name' with 'uzair2'
[SignupPage] Filled 'Email' with 'uzair2@yopmail.com'
[SignupPage] Clicked 'clickDobField'
[SignupPage] Scrolled to and selected DOB year 1995 via UiScrollable
[SignupPage] Confirmed DOB picker (OK)
[SignupPage] Clicked 'clickGenderField'
[SignupPage] Clicked 'selectGenderMale'
[SignupPage] Filled 'Bio' with 'QA Automation Engineer'
[OnboardingTest] STEP 5: Filling location
[SignupPage] Filled 'Location' with 'San Francisco'
[SignupPage] Clicked 'selectLocationFromDropdown'
[OnboardingTest] STEP 6: Filling phone number and password fields
[SignupPage] Filled 'Phone Number' with '4084427455'
[SignupPage] Filled 'Password' with '****'
[OnboardingTest] STEP 6b: Verifying password visibility toggle
[SignupPage] Clicked 'togglePasswordVisibility'
[SignupPage] Clicked 'togglePasswordVisibility'
[SignupPage] Filled 'Confirm Password' with '****'
[OnboardingTest] STEP 7: Opening Terms & Conditions webpage and returning to Signup
[SignupPage] Clicked 'clickTermsAndConditions'
[SignupPage] Clicked 'clickBackButton'
[OnboardingTest] STEP 7b: Checking the Terms & Conditions checkbox
[SignupPage] Clicked 'agreeTermsCheckbox'
[OnboardingTest] STEP 8: Submitting signup form
[SignupPage] Clicked 'clickCreateAccountButton'
[OnboardingTest] STEP 9: Verifying signup success
]]></system-out>
    <system-err><![CDATA[SLF4J(W): No SLF4J providers were found.
SLF4J(W): Defaulting to no-operation (NOP) logger implementation
SLF4J(W): See https://www.slf4j.org/codes.html#noProviders for further details.
]]></system-err>
  </testcase>
</testsuite>