<?xml version="1.0" encoding="UTF-8"?>
<!-- Generated by org.testng.reporters.JUnitXMLReporter -->
<testsuite ignored="6" hostname="onyxtec21ab-Lenovo-ThinkBook-15-IIL" failures="1" tests="1" name="CameraUploadTest" time="145.394" errors="0" timestamp="2026-09-01T16:09:53 PKT">
  <testcase classname="tests.OnboardingTest" name="testSignupWithCameraImageUpload" time="134.639">
    <failure type="java.lang.AssertionError" message="Signup was not successful expected [true] but found [false]">
      <![CDATA[java.lang.AssertionError: Signup was not successful expected [true] but found [false]
at tests.OnboardingTest.testSignupWithCameraImageUpload(OnboardingTest.java:197)
at java.base/java.util.ArrayList.forEach(ArrayList.java:1511)
... Removed 34 stack frames]]>
    </failure>
  </testcase> <!-- testSignupWithCameraImageUpload -->
  <testcase classname="tests.OnboardingTest" name="testNavigateToSignupViaNext" time="0.0">
    <ignored/>
  </testcase> <!-- testNavigateToSignupViaNext -->
  <testcase classname="tests.OnboardingTest" name="testNavigateToSignInFromSignup" time="0.0">
    <ignored/>
  </testcase> <!-- testNavigateToSignInFromSignup -->
  <testcase classname="tests.OnboardingTest" name="testSignupWithEmailAndPassword" time="0.0">
    <ignored/>
  </testcase> <!-- testSignupWithEmailAndPassword -->
  <testcase classname="tests.OnboardingTest" name="testNavigateToSignupViaSkip" time="0.0">
    <ignored/>
  </testcase> <!-- testNavigateToSignupViaSkip -->
  <testcase classname="tests.OnboardingTest" name="testSignupWithGoogle" time="0.0">
    <ignored/>
  </testcase> <!-- testSignupWithGoogle -->
  <testcase classname="tests.OnboardingTest" name="testSignupDobValidation" time="0.0">
    <ignored/>
  </testcase> <!-- testSignupDobValidation -->
</testsuite> <!-- CameraUploadTest -->
