<?xml version="1.0" encoding="UTF-8"?>
<!-- Generated by org.testng.reporters.JUnitXMLReporter -->
<testsuite ignored="0" hostname="onyxtec21ab-Lenovo-ThinkBook-15-IIL" failures="4" tests="7" name="OnboardingTests" time="653.752" errors="0" timestamp="2026-09-01T16:23:58 PKT">
  <testcase classname="tests.OnboardingTest" name="testNavigateToSignupViaNext" time="29.084"/>
  <testcase classname="tests.OnboardingTest" name="testNavigateToSignupViaSkip" time="21.256"/>
  <testcase classname="tests.OnboardingTest" name="testSignupWithEmailAndPassword" time="178.066">
    <failure type="java.lang.AssertionError" message="Failed to click Terms &amp;amp; Conditions link expected [true] but found [false]">
      <![CDATA[java.lang.AssertionError: Failed to click Terms & Conditions link expected [true] but found [false]
at tests.OnboardingTest.testSignupWithEmailAndPassword(OnboardingTest.java:118)
at java.base/java.util.ArrayList.forEach(ArrayList.java:1511)
... Removed 34 stack frames]]>
    </failure>
  </testcase> <!-- testSignupWithEmailAndPassword -->
  <testcase classname="tests.OnboardingTest" name="testSignupWithCameraImageUpload" time="133.493">
    <failure type="java.lang.AssertionError" message="Signup was not successful expected [true] but found [false]">
      <![CDATA[java.lang.AssertionError: Signup was not successful expected [true] but found [false]
at tests.OnboardingTest.testSignupWithCameraImageUpload(OnboardingTest.java:197)
at java.base/java.util.ArrayList.forEach(ArrayList.java:1511)
... Removed 34 stack frames]]>
    </failure>
  </testcase> <!-- testSignupWithCameraImageUpload -->
  <testcase classname="tests.OnboardingTest" name="testSignupWithGoogle" time="72.561">
    <failure type="java.lang.AssertionError" message="Signup with Google was not successful expected [true] but found [false]">
      <![CDATA[java.lang.AssertionError: Signup with Google was not successful expected [true] but found [false]
at tests.OnboardingTest.testSignupWithGoogle(OnboardingTest.java:224)
at java.base/java.util.ArrayList.forEach(ArrayList.java:1511)
... Removed 34 stack frames]]>
    </failure>
  </testcase> <!-- testSignupWithGoogle -->
  <testcase classname="tests.OnboardingTest" name="testSignupDobValidation" time="87.358">
    <failure type="java.lang.AssertionError" message="Signup was allowed to proceed without a DOB — mandatory validation is not being enforced expected [true] but found [false]">
      <![CDATA[java.lang.AssertionError: Signup was allowed to proceed without a DOB — mandatory validation is not being enforced expected [true] but found [false]
at tests.OnboardingTest.testSignupDobValidation(OnboardingTest.java:259)
at java.base/java.util.ArrayList.forEach(ArrayList.java:1511)
... Removed 34 stack frames]]>
    </failure>
  </testcase> <!-- testSignupDobValidation -->
  <testcase classname="tests.OnboardingTest" name="testNavigateToSignInFromSignup" time="50.514"/>
</testsuite> <!-- OnboardingTests -->
