<?xml version="1.0" encoding="UTF-8"?>
<!-- Generated by org.testng.reporters.JUnitXMLReporter -->
<testsuite ignored="0" hostname="onyxtec21ab-Lenovo-ThinkBook-15-IIL" failures="1" tests="6" name="OnboardingTests" time="465.842" errors="0" timestamp="2026-08-25T16:31:46 PKT">
  <testcase classname="tests.OnboardingTest" name="testNavigateToSignupViaNext" time="32.448"/>
  <testcase classname="tests.OnboardingTest" name="testNavigateToSignupViaSkip" time="24.241"/>
  <testcase classname="tests.OnboardingTest" name="testSignupWithEmailAndPassword" time="162.709">
    <failure type="java.lang.AssertionError" message="Signup was not successful expected [true] but found [false]">
      <![CDATA[java.lang.AssertionError: Signup was not successful expected [true] but found [false]
at tests.OnboardingTest.testSignupWithEmailAndPassword(OnboardingTest.java:133)
at java.base/java.util.ArrayList.forEach(ArrayList.java:1511)
... Removed 34 stack frames]]>
    </failure>
  </testcase> <!-- testSignupWithEmailAndPassword -->
  <testcase classname="tests.OnboardingTest" name="testSignupWithGoogle" time="56.797"/>
  <testcase classname="tests.OnboardingTest" name="testSignupDobValidation" time="74.773"/>
  <testcase classname="tests.OnboardingTest" name="testNavigateToSignInFromSignup" time="52.87"/>
</testsuite> <!-- OnboardingTests -->
