<?xml version="1.0" encoding="UTF-8"?>
<!-- Generated by org.testng.reporters.JUnitXMLReporter -->
<testsuite ignored="0" hostname="onyxtec21ab-Lenovo-ThinkBook-15-IIL" failures="5" tests="5" name="SignInTests" time="398.689" errors="0" timestamp="2026-09-01T16:30:37 PKT">
  <testcase classname="tests.SignInTest" name="testSignInWithValidCredentials" time="81.033">
    <failure type="java.lang.AssertionError" message="Sign in did not succeed expected [true] but found [false]">
      <![CDATA[java.lang.AssertionError: Sign in did not succeed expected [true] but found [false]
at tests.SignInTest.testSignInWithValidCredentials(SignInTest.java:97)
at java.base/java.util.ArrayList.forEach(ArrayList.java:1511)
... Removed 34 stack frames]]>
    </failure>
  </testcase> <!-- testSignInWithValidCredentials -->
  <testcase classname="tests.SignInTest" name="testSignInWithValidCredentials" time="53.147">
    <failure type="java.lang.AssertionError" message="Sign in did not succeed expected [true] but found [false]">
      <![CDATA[java.lang.AssertionError: Sign in did not succeed expected [true] but found [false]
at tests.SignInTest.testSignInWithValidCredentials(SignInTest.java:97)
at java.base/java.util.ArrayList.forEach(ArrayList.java:1511)
... Removed 34 stack frames]]>
    </failure>
  </testcase> <!-- testSignInWithValidCredentials -->
  <testcase classname="tests.SignInTest" name="testPasswordShowHideToggle" time="39.304">
    <failure type="java.lang.AssertionError" message="Failed to click Sign In link on the signup screen expected [true] but found [false]">
      <![CDATA[java.lang.AssertionError: Failed to click Sign In link on the signup screen expected [true] but found [false]
at tests.SignInTest.navigateToSignInScreen(SignInTest.java:59)
at tests.SignInTest.navigateToSignInScreen(SignInTest.java:38)
at tests.SignInTest.testPasswordShowHideToggle(SignInTest.java:104)
at java.base/java.util.ArrayList.forEach(ArrayList.java:1511)
... Removed 34 stack frames]]>
    </failure>
  </testcase> <!-- testPasswordShowHideToggle -->
  <testcase classname="tests.SignInTest" name="testForgotPasswordNavigation" time="112.841">
    <failure type="java.lang.AssertionError" message="Sign in did not succeed after returning from Forgot Password expected [true] but found [false]">
      <![CDATA[java.lang.AssertionError: Sign in did not succeed after returning from Forgot Password expected [true] but found [false]
at tests.SignInTest.testForgotPasswordNavigation(SignInTest.java:152)
at java.base/java.util.ArrayList.forEach(ArrayList.java:1511)
... Removed 34 stack frames]]>
    </failure>
  </testcase> <!-- testForgotPasswordNavigation -->
  <testcase classname="tests.SignInTest" name="testSignInWithGoogleFromWelcomeScreen" time="53.394">
    <failure type="java.lang.AssertionError" message="Sign in with Google was not successful expected [true] but found [false]">
      <![CDATA[java.lang.AssertionError: Sign in with Google was not successful expected [true] but found [false]
at tests.SignInTest.testSignInWithGoogleFromWelcomeScreen(SignInTest.java:170)
at java.base/java.util.ArrayList.forEach(ArrayList.java:1511)
... Removed 34 stack frames]]>
    </failure>
  </testcase> <!-- testSignInWithGoogleFromWelcomeScreen -->
</testsuite> <!-- SignInTests -->
