<?xml version="1.0" encoding="UTF-8"?>
<!-- Generated by org.testng.reporters.JUnitXMLReporter -->
<testsuite ignored="0" hostname="onyxtec21ab-Lenovo-ThinkBook-15-IIL" failures="2" tests="4" name="SignInTests" time="338.919" errors="0" timestamp="2026-08-25T16:37:25 PKT">
  <testcase classname="tests.SignInTest" name="testSignInWithValidCredentials" time="89.256">
    <failure type="java.lang.AssertionError" message="Sign in did not succeed expected [true] but found [false]">
      <![CDATA[java.lang.AssertionError: Sign in did not succeed expected [true] but found [false]
at tests.SignInTest.testSignInWithValidCredentials(SignInTest.java:81)
at java.base/java.util.ArrayList.forEach(ArrayList.java:1511)
... Removed 34 stack frames]]>
    </failure>
  </testcase> <!-- testSignInWithValidCredentials -->
  <testcase classname="tests.SignInTest" name="testPasswordShowHideToggle" time="65.366"/>
  <testcase classname="tests.SignInTest" name="testForgotPasswordNavigation" time="105.763">
    <failure type="java.lang.AssertionError" message="Sign in did not succeed after returning from Forgot Password expected [true] but found [false]">
      <![CDATA[java.lang.AssertionError: Sign in did not succeed after returning from Forgot Password expected [true] but found [false]
at tests.SignInTest.testForgotPasswordNavigation(SignInTest.java:136)
at java.base/java.util.ArrayList.forEach(ArrayList.java:1511)
... Removed 34 stack frames]]>
    </failure>
  </testcase> <!-- testForgotPasswordNavigation -->
  <testcase classname="tests.SignInTest" name="testSignInWithGoogleFromWelcomeScreen" time="38.105"/>
</testsuite> <!-- SignInTests -->
